#
# There is insufficient memory for the Java Runtime Environment to continue.
# Native memory allocation (malloc) failed to allocate 32744 bytes for ChunkPool::allocate
# Possible reasons:
#   The system is out of physical RAM or swap space
#   In 32 bit mode, the process size limit was hit
# Possible solutions:
#   Reduce memory load on the system
#   Increase physical memory or swap space
#   Check if swap backing store is full
#   Use 64 bit Java on a 64 bit OS
#   Decrease Java heap size (-Xmx/-Xms)
#   Decrease number of Java threads
#   Decrease Java thread stack sizes (-Xss)
#   Set larger code cache with -XX:ReservedCodeCacheSize=
# This output file may be truncated or incomplete.
#
#  Out of Memory Error (allocation.cpp:273), pid=11424, tid=0x0000000000002ba8
#
# JRE version: Java(TM) SE Runtime Environment (8.0_121-b13) (build 1.8.0_121-b13)
# Java VM: Java HotSpot(TM) 64-Bit Server VM (25.121-b13 mixed mode windows-amd64 compressed oops)
# Failed to write core dump. Minidumps are not enabled by default on client versions of Windows
#

---------------  T H R E A D  ---------------

Current thread (0x00000000174a5800):  JavaThread "C2 CompilerThread0" daemon [_thread_in_native, id=11176, stack(0x0000000018b20000,0x0000000018c20000)]

Stack: [0x0000000018b20000,0x0000000018c20000]
[error occurred during error reporting (printing stack bounds), id 0xc0000005]

Native frames: (J=compiled Java code, j=interpreted, Vv=VM code, C=native code)


Current CompileTask:
C2:   6051 2163       4       org.springframework.asm.ClassReader::readCode (3579 bytes)


---------------  P R O C E S S  ---------------

Java Threads: ( => current thread )
  0x0000000019c97800 JavaThread "JMX server connection timeout 17" daemon [_thread_blocked, id=19356, stack(0x000000001a630000,0x000000001a730000)]
  0x0000000019c85800 JavaThread "RMI TCP Connection(2)-127.0.0.1" daemon [_thread_in_native, id=16716, stack(0x000000001a530000,0x000000001a630000)]
  0x0000000019c3a000 JavaThread "RMI Scheduler(0)" daemon [_thread_blocked, id=11716, stack(0x000000001a430000,0x000000001a530000)]
  0x0000000019c22000 JavaThread "RMI TCP Connection(1)-127.0.0.1" daemon [_thread_in_native, id=6524, stack(0x000000001a330000,0x000000001a430000)]
  0x0000000019c31000 JavaThread "RMI TCP Accept-0" daemon [_thread_in_native, id=12692, stack(0x000000001a130000,0x000000001a230000)]
  0x0000000019c0b000 JavaThread "RMI TCP Accept-56628" daemon [_thread_in_native, id=12696, stack(0x000000001a030000,0x000000001a130000)]
  0x0000000019acb000 JavaThread "RMI TCP Accept-0" daemon [_thread_in_native, id=15428, stack(0x0000000019320000,0x0000000019420000)]
  0x0000000018e68000 JavaThread "Service Thread" daemon [_thread_blocked, id=8812, stack(0x0000000019220000,0x0000000019320000)]
  0x00000000174ab000 JavaThread "C1 CompilerThread2" daemon [_thread_blocked, id=14756, stack(0x0000000018d20000,0x0000000018e20000)]
  0x00000000174aa000 JavaThread "C2 CompilerThread1" daemon [_thread_blocked, id=13696, stack(0x0000000018c20000,0x0000000018d20000)]
=>0x00000000174a5800 JavaThread "C2 CompilerThread0" daemon [_thread_in_native, id=11176, stack(0x0000000018b20000,0x0000000018c20000)]
  0x00000000174a4000 JavaThread "Attach Listener" daemon [_thread_blocked, id=13060, stack(0x0000000018a20000,0x0000000018b20000)]
  0x00000000174a3000 JavaThread "Signal Dispatcher" daemon [_thread_blocked, id=12032, stack(0x0000000018920000,0x0000000018a20000)]
  0x000000001748a000 JavaThread "Finalizer" daemon [_thread_blocked, id=8616, stack(0x0000000018710000,0x0000000018810000)]
  0x0000000017469000 JavaThread "Reference Handler" daemon [_thread_blocked, id=13192, stack(0x0000000018610000,0x0000000018710000)]
  0x0000000002c95800 JavaThread "main" [_thread_blocked, id=19336, stack(0x0000000002b90000,0x0000000002c90000)]

Other Threads:
  0x0000000017467000 VMThread [stack: 0x0000000018510000,0x0000000018610000] [id=10860]
  0x0000000019c19800 WatcherThread [stack: 0x000000001a230000,0x000000001a330000] [id=8456]

VM state:at safepoint (normal execution)

VM Mutex/Monitor currently owned by a thread:  ([mutex/lock_event])
[0x0000000002c91d50] Threads_lock - owner thread: 0x0000000017467000
[0x0000000002c925d0] Heap_lock - owner thread: 0x0000000002c95800

Heap:
 PSYoungGen      total 55808K, used 1904K [0x00000000d8380000, 0x00000000dc400000, 0x0000000100000000)
  eden space 46592K, 0% used [0x00000000d8380000,0x00000000d8380000,0x00000000db100000)
  from space 9216K, 20% used [0x00000000dbb00000,0x00000000dbcdc160,0x00000000dc400000)
  to   space 9728K, 0% used [0x00000000db100000,0x00000000db100000,0x00000000dba80000)
 ParOldGen       total 54272K, used 6927K [0x0000000088a00000, 0x000000008bf00000, 0x00000000d8380000)
  object space 54272K, 12% used [0x0000000088a00000,0x00000000890c3dd0,0x000000008bf00000)
 Metaspace       used 22669K, capacity 23028K, committed 23088K, reserved 1069056K
  class space    used 2832K, capacity 2931K, committed 2944K, reserved 1048576K

Card table byte_map: [0x0000000012150000,0x0000000012510000] byte_map_base: 0x0000000011d0b000

Marking Bits: (ParMarkBitMap*) 0x000000005b29b6d0
 Begin Bits: [0x0000000012b90000, 0x0000000014968000)
 End Bits:   [0x0000000014968000, 0x0000000016740000)

Polling page: 0x00000000028b0000

CodeCache: size=245760Kb used=8120Kb max_used=8120Kb free=237639Kb
 bounds [0x0000000002d90000, 0x0000000003590000, 0x0000000011d90000]
 total_blobs=2647 nmethods=2261 adapters=299
 compilation: enabled

Compilation events (10 events):
Event: 5.987 Thread 0x00000000174aa000 2252       4       java.util.concurrent.ConcurrentHashMap::containsKey (14 bytes)
Event: 5.988 Thread 0x00000000174ab000 2253       3       org.springframework.boot.autoconfigure.condition.OnBeanCondition$BeanSearchSpec::collect (85 bytes)
Event: 5.989 Thread 0x00000000174ab000 nmethod 2253 0x000000000357c550 code [0x000000000357c740, 0x000000000357d198]
Event: 5.992 Thread 0x00000000174ab000 2255       3       org.springframework.boot.autoconfigure.condition.ConditionMessage::andCondition (64 bytes)
Event: 5.993 Thread 0x00000000174ab000 nmethod 2255 0x000000000357f1d0 code [0x000000000357f440, 0x00000000035803b8]
Event: 5.993 Thread 0x00000000174aa000 nmethod 2252 0x0000000003580bd0 code [0x0000000003580d20, 0x0000000003580fd8]
Event: 5.994 Thread 0x00000000174ab000 2256       3       org.springframework.beans.factory.support.MethodOverrides::isEmpty (25 bytes)
Event: 5.994 Thread 0x00000000174ab000 nmethod 2256 0x000000000357bd10 code [0x000000000357be80, 0x000000000357c128]
Event: 6.002 Thread 0x00000000174ab000 2257       3       org.springframework.core.annotation.AnnotationAttributes::getString (11 bytes)
Event: 6.002 Thread 0x00000000174ab000 nmethod 2257 0x000000000357b850 code [0x000000000357b9c0, 0x000000000357bc48]

GC Heap History (10 events):
Event: 2.981 GC heap before
{Heap before GC invocations=2 (full 0):
 PSYoungGen      total 35840K, used 35362K [0x00000000d8380000, 0x00000000dab80000, 0x0000000100000000)
  eden space 30720K, 100% used [0x00000000d8380000,0x00000000da180000,0x00000000da180000)
  from space 5120K, 90% used [0x00000000da180000,0x00000000da6089d0,0x00000000da680000)
  to   space 5120K, 0% used [0x00000000da680000,0x00000000da680000,0x00000000dab80000)
 ParOldGen       total 81920K, used 8K [0x0000000088a00000, 0x000000008da00000, 0x00000000d8380000)
  object space 81920K, 0% used [0x0000000088a00000,0x0000000088a02000,0x000000008da00000)
 Metaspace       used 15446K, capacity 15724K, committed 15872K, reserved 1062912K
  class space    used 1937K, capacity 2020K, committed 2048K, reserved 1048576K
Event: 2.999 GC heap after
Heap after GC invocations=2 (full 0):
 PSYoungGen      total 35840K, used 5110K [0x00000000d8380000, 0x00000000dab80000, 0x0000000100000000)
  eden space 30720K, 0% used [0x00000000d8380000,0x00000000d8380000,0x00000000da180000)
  from space 5120K, 99% used [0x00000000da680000,0x00000000dab7d9d8,0x00000000dab80000)
  to   space 5120K, 0% used [0x00000000da180000,0x00000000da180000,0x00000000da680000)
 ParOldGen       total 81920K, used 1634K [0x0000000088a00000, 0x000000008da00000, 0x00000000d8380000)
  object space 81920K, 1% used [0x0000000088a00000,0x0000000088b988d8,0x000000008da00000)
 Metaspace       used 15446K, capacity 15724K, committed 15872K, reserved 1062912K
  class space    used 1937K, capacity 2020K, committed 2048K, reserved 1048576K
}
Event: 4.044 GC heap before
{Heap before GC invocations=3 (full 0):
 PSYoungGen      total 35840K, used 35830K [0x00000000d8380000, 0x00000000dab80000, 0x0000000100000000)
  eden space 30720K, 100% used [0x00000000d8380000,0x00000000da180000,0x00000000da180000)
  from space 5120K, 99% used [0x00000000da680000,0x00000000dab7d9d8,0x00000000dab80000)
  to   space 5120K, 0% used [0x00000000da180000,0x00000000da180000,0x00000000da680000)
 ParOldGen       total 81920K, used 1634K [0x0000000088a00000, 0x000000008da00000, 0x00000000d8380000)
  object space 81920K, 1% used [0x0000000088a00000,0x0000000088b988d8,0x000000008da00000)
 Metaspace       used 19878K, capacity 20204K, committed 20480K, reserved 1067008K
  class space    used 2455K, capacity 2535K, committed 2560K, reserved 1048576K
Event: 4.061 GC heap after
Heap after GC invocations=3 (full 0):
 PSYoungGen      total 35840K, used 5113K [0x00000000d8380000, 0x00000000dab80000, 0x0000000100000000)
  eden space 30720K, 0% used [0x00000000d8380000,0x00000000d8380000,0x00000000da180000)
  from space 5120K, 99% used [0x00000000da180000,0x00000000da67e580,0x00000000da680000)
  to   space 5120K, 0% used [0x00000000da680000,0x00000000da680000,0x00000000dab80000)
 ParOldGen       total 81920K, used 3988K [0x0000000088a00000, 0x000000008da00000, 0x00000000d8380000)
  object space 81920K, 4% used [0x0000000088a00000,0x0000000088de53a0,0x000000008da00000)
 Metaspace       used 19878K, capacity 20204K, committed 20480K, reserved 1067008K
  class space    used 2455K, capacity 2535K, committed 2560K, reserved 1048576K
}
Event: 4.689 GC heap before
{Heap before GC invocations=4 (full 0):
 PSYoungGen      total 35840K, used 33419K [0x00000000d8380000, 0x00000000dab80000, 0x0000000100000000)
  eden space 30720K, 92% used [0x00000000d8380000,0x00000000d9f24800,0x00000000da180000)
  from space 5120K, 99% used [0x00000000da180000,0x00000000da67e580,0x00000000da680000)
  to   space 5120K, 0% used [0x00000000da680000,0x00000000da680000,0x00000000dab80000)
 ParOldGen       total 81920K, used 3988K [0x0000000088a00000, 0x000000008da00000, 0x00000000d8380000)
  object space 81920K, 4% used [0x0000000088a00000,0x0000000088de53a0,0x000000008da00000)
 Metaspace       used 20864K, capacity 21200K, committed 21296K, reserved 1069056K
  class space    used 2569K, capacity 2669K, committed 2688K, reserved 1048576K
Event: 4.705 GC heap after
Heap after GC invocations=4 (full 0):
 PSYoungGen      total 35840K, used 5104K [0x00000000d8380000, 0x00000000dab80000, 0x0000000100000000)
  eden space 30720K, 0% used [0x00000000d8380000,0x00000000d8380000,0x00000000da180000)
  from space 5120K, 99% used [0x00000000da680000,0x00000000dab7c030,0x00000000dab80000)
  to   space 5120K, 0% used [0x00000000da180000,0x00000000da180000,0x00000000da680000)
 ParOldGen       total 81920K, used 5887K [0x0000000088a00000, 0x000000008da00000, 0x00000000d8380000)
  object space 81920K, 7% used [0x0000000088a00000,0x0000000088fbfc38,0x000000008da00000)
 Metaspace       used 20864K, capacity 21200K, committed 21296K, reserved 1069056K
  class space    used 2569K, capacity 2669K, committed 2688K, reserved 1048576K
}
Event: 4.705 GC heap before
{Heap before GC invocations=5 (full 1):
 PSYoungGen      total 35840K, used 5104K [0x00000000d8380000, 0x00000000dab80000, 0x0000000100000000)
  eden space 30720K, 0% used [0x00000000d8380000,0x00000000d8380000,0x00000000da180000)
  from space 5120K, 99% used [0x00000000da680000,0x00000000dab7c030,0x00000000dab80000)
  to   space 5120K, 0% used [0x00000000da180000,0x00000000da180000,0x00000000da680000)
 ParOldGen       total 81920K, used 5887K [0x0000000088a00000, 0x000000008da00000, 0x00000000d8380000)
  object space 81920K, 7% used [0x0000000088a00000,0x0000000088fbfc38,0x000000008da00000)
 Metaspace       used 20864K, capacity 21200K, committed 21296K, reserved 1069056K
  class space    used 2569K, capacity 2669K, committed 2688K, reserved 1048576K
Event: 4.765 GC heap after
Heap after GC invocations=5 (full 1):
 PSYoungGen      total 35840K, used 0K [0x00000000d8380000, 0x00000000dab80000, 0x0000000100000000)
  eden space 30720K, 0% used [0x00000000d8380000,0x00000000d8380000,0x00000000da180000)
  from space 5120K, 0% used [0x00000000da680000,0x00000000da680000,0x00000000dab80000)
  to   space 5120K, 0% used [0x00000000da180000,0x00000000da180000,0x00000000da680000)
 ParOldGen       total 54272K, used 6919K [0x0000000088a00000, 0x000000008bf00000, 0x00000000d8380000)
  object space 54272K, 12% used [0x0000000088a00000,0x00000000890c1dd0,0x000000008bf00000)
 Metaspace       used 20864K, capacity 21200K, committed 21296K, reserved 1069056K
  class space    used 2569K, capacity 2669K, committed 2688K, reserved 1048576K
}
Event: 5.363 GC heap before
{Heap before GC invocations=6 (full 1):
 PSYoungGen      total 35840K, used 30720K [0x00000000d8380000, 0x00000000dab80000, 0x0000000100000000)
  eden space 30720K, 100% used [0x00000000d8380000,0x00000000da180000,0x00000000da180000)
  from space 5120K, 0% used [0x00000000da680000,0x00000000da680000,0x00000000dab80000)
  to   space 5120K, 0% used [0x00000000da180000,0x00000000da180000,0x00000000da680000)
 ParOldGen       total 54272K, used 6919K [0x0000000088a00000, 0x000000008bf00000, 0x00000000d8380000)
  object space 54272K, 12% used [0x0000000088a00000,0x00000000890c1dd0,0x000000008bf00000)
 Metaspace       used 22290K, capacity 22734K, committed 22832K, reserved 1069056K
  class space    used 2775K, capacity 2898K, committed 2944K, reserved 1048576K
Event: 5.369 GC heap after
Heap after GC invocations=6 (full 1):
 PSYoungGen      total 35840K, used 3114K [0x00000000d8380000, 0x00000000dc400000, 0x0000000100000000)
  eden space 30720K, 0% used [0x00000000d8380000,0x00000000d8380000,0x00000000da180000)
  from space 5120K, 60% used [0x00000000da180000,0x00000000da48aa20,0x00000000da680000)
  to   space 9216K, 0% used [0x00000000dbb00000,0x00000000dbb00000,0x00000000dc400000)
 ParOldGen       total 54272K, used 6927K [0x0000000088a00000, 0x000000008bf00000, 0x00000000d8380000)
  object space 54272K, 12% used [0x0000000088a00000,0x00000000890c3dd0,0x000000008bf00000)
 Metaspace       used 22290K, capacity 22734K, committed 22832K, reserved 1069056K
  class space    used 2775K, capacity 2898K, committed 2944K, reserved 1048576K
}

Deoptimization events (10 events):
Event: 3.688 Thread 0x000000001b07d800 Uncommon trap: reason=unstable_if action=reinterpret pc=0x00000000030587bc method=sun.misc.URLClassPath$JarLoader.ensureOpen()V @ 4
Event: 4.368 Thread 0x0000000002c95800 Uncommon trap: reason=unstable_if action=reinterpret pc=0x000000000338ce54 method=org.springframework.asm.ClassReader.readUTF8(I[C)Ljava/lang/String; @ 7
Event: 4.769 Thread 0x0000000002c95800 Uncommon trap: reason=bimorphic action=maybe_recompile pc=0x0000000003113ce0 method=java.util.HashMap.putVal(ILjava/lang/Object;Ljava/lang/Object;ZZ)Ljava/lang/Object; @ 253
Event: 5.087 Thread 0x0000000002c95800 Uncommon trap: reason=predicate action=maybe_recompile pc=0x00000000034c3658 method=java.util.AbstractCollection.toArray([Ljava/lang/Object;)[Ljava/lang/Object; @ 49
Event: 5.115 Thread 0x0000000002c95800 Uncommon trap: reason=class_check action=maybe_recompile pc=0x00000000031b1798 method=java.util.concurrent.ConcurrentHashMap.putVal(Ljava/lang/Object;Ljava/lang/Object;Z)Ljava/lang/Object; @ 192
Event: 5.190 Thread 0x0000000002c95800 Uncommon trap: reason=array_check action=maybe_recompile pc=0x00000000034ee188 method=java.util.AbstractCollection.toArray([Ljava/lang/Object;)[Ljava/lang/Object; @ 119
Event: 5.192 Thread 0x0000000002c95800 Uncommon trap: reason=array_check action=maybe_recompile pc=0x00000000034ee188 method=java.util.AbstractCollection.toArray([Ljava/lang/Object;)[Ljava/lang/Object; @ 119
Event: 5.197 Thread 0x0000000002c95800 Uncommon trap: reason=array_check action=maybe_recompile pc=0x00000000034ee188 method=java.util.AbstractCollection.toArray([Ljava/lang/Object;)[Ljava/lang/Object; @ 119
Event: 5.200 Thread 0x0000000002c95800 Uncommon trap: reason=array_check action=maybe_recompile pc=0x00000000034ee188 method=java.util.AbstractCollection.toArray([Ljava/lang/Object;)[Ljava/lang/Object; @ 119
Event: 5.504 Thread 0x0000000002c95800 Uncommon trap: reason=unstable_if action=reinterpret pc=0x000000000344f338 method=java.util.LinkedHashMap.get(Ljava/lang/Object;)Ljava/lang/Object; @ 20

Internal exceptions (10 events):
Event: 3.131 Thread 0x0000000002c95800 Exception <a 'java/lang/ClassNotFoundException': org/springframework/context/ResourceLoaderAwareCustomizer> (0x00000000d8d223c0) thrown at [C:\re\workspace\8-2-build-windows-amd64-cygwin\jdk8u121\8372\hotspot\src\share\vm\classfile\systemDictionary.cpp, l
Event: 3.132 Thread 0x0000000002c95800 Exception <a 'java/lang/ClassNotFoundException': org/springframework/beans/factory/BeanClassLoaderAwareCustomizer> (0x00000000d8d37628) thrown at [C:\re\workspace\8-2-build-windows-amd64-cygwin\jdk8u121\8372\hotspot\src\share\vm\classfile\systemDictionary
Event: 3.133 Thread 0x0000000002c95800 Exception <a 'java/lang/ClassNotFoundException': org/springframework/context/EnvironmentAwareCustomizer> (0x00000000d8d4a4c8) thrown at [C:\re\workspace\8-2-build-windows-amd64-cygwin\jdk8u121\8372\hotspot\src\share\vm\classfile\systemDictionary.cpp, line
Event: 3.251 Thread 0x0000000019c85800 Exception <a 'java/lang/reflect/InvocationTargetException'> (0x00000000d9172b20) thrown at [C:\re\workspace\8-2-build-windows-amd64-cygwin\jdk8u121\8372\hotspot\src\share\vm\runtime\reflection.cpp, line 1092]
Event: 3.688 Thread 0x000000001b07d800 Implicit null exception at 0x0000000003057989 to 0x00000000030587a5
Event: 3.767 Thread 0x0000000019c85800 Exception <a 'java/lang/reflect/InvocationTargetException'> (0x00000000d9177208) thrown at [C:\re\workspace\8-2-build-windows-amd64-cygwin\jdk8u121\8372\hotspot\src\share\vm\runtime\reflection.cpp, line 1092]
Event: 4.282 Thread 0x0000000019c85800 Exception <a 'java/lang/reflect/InvocationTargetException'> (0x00000000d8cce950) thrown at [C:\re\workspace\8-2-build-windows-amd64-cygwin\jdk8u121\8372\hotspot\src\share\vm\runtime\reflection.cpp, line 1092]
Event: 4.794 Thread 0x0000000019c85800 Exception <a 'java/lang/reflect/InvocationTargetException'> (0x00000000d84dd2c8) thrown at [C:\re\workspace\8-2-build-windows-amd64-cygwin\jdk8u121\8372\hotspot\src\share\vm\runtime\reflection.cpp, line 1092]
Event: 5.295 Thread 0x0000000019c85800 Exception <a 'java/lang/reflect/InvocationTargetException'> (0x00000000d84e19b0) thrown at [C:\re\workspace\8-2-build-windows-amd64-cygwin\jdk8u121\8372\hotspot\src\share\vm\runtime\reflection.cpp, line 1092]
Event: 5.802 Thread 0x0000000019c85800 Exception <a 'java/lang/reflect/InvocationTargetException'> (0x00000000d8773df8) thrown at [C:\re\workspace\8-2-build-windows-amd64-cygwin\jdk8u121\8372\hotspot\src\share\vm\runtime\reflection.cpp, line 1092]

Events (10 events):
Event: 5.998 loading class org/springframework/jms/annotation/JmsListenerAnnotationBeanPostProcessor
Event: 5.998 loading class org/springframework/jms/annotation/JmsListenerAnnotationBeanPostProcessor done
Event: 5.999 loading class org/springframework/boot/autoconfigure/jms/JmsAnnotationDrivenConfiguration$EnableJmsConfiguration
Event: 5.999 loading class org/springframework/boot/autoconfigure/jms/JmsAnnotationDrivenConfiguration$EnableJmsConfiguration done
Event: 6.000 loading class org/springframework/boot/autoconfigure/jms/JmsAnnotationDrivenConfiguration
Event: 6.000 loading class org/springframework/boot/autoconfigure/jms/JmsAnnotationDrivenConfiguration done
Event: 6.004 loading class org/springframework/jms/config/DefaultJmsListenerContainerFactory
Event: 6.004 loading class org/springframework/jms/config/DefaultJmsListenerContainerFactory done
Event: 6.005 loading class org/springframework/jms/config/AbstractJmsListenerContainerFactory
Event: 6.005 loading class org/springframework/jms/config/AbstractJmsListenerContainerFactory done


Dynamic libraries:
0x00007ff6dbcc0000 - 0x00007ff6dbcf7000 	C:\Program Files\Java\jre1.8.0_121\bin\javaw.exe
0x00007fffe0af0000 - 0x00007fffe0cc1000 	C:\WINDOWS\SYSTEM32\ntdll.dll
0x00007fffde310000 - 0x00007fffde3bc000 	C:\WINDOWS\System32\KERNEL32.DLL
0x00007fffdcff0000 - 0x00007fffdd20d000 	C:\WINDOWS\System32\KERNELBASE.dll
0x00007fffdee30000 - 0x00007fffdeed2000 	C:\WINDOWS\System32\ADVAPI32.dll
0x00007fffde270000 - 0x00007fffde30e000 	C:\WINDOWS\System32\msvcrt.dll
0x00007fffdf010000 - 0x00007fffdf069000 	C:\WINDOWS\System32\sechost.dll
0x00007fffdeee0000 - 0x00007fffdf001000 	C:\WINDOWS\System32\RPCRT4.dll
0x00007fffde3c0000 - 0x00007fffde525000 	C:\WINDOWS\System32\USER32.dll
0x00007fffdd210000 - 0x00007fffdd22e000 	C:\WINDOWS\System32\win32u.dll
0x00007fffdebc0000 - 0x00007fffdebf4000 	C:\WINDOWS\System32\GDI32.dll
0x00007fffdd620000 - 0x00007fffdd7a0000 	C:\WINDOWS\System32\gdi32full.dll
0x00007fffd5420000 - 0x00007fffd569a000 	C:\WINDOWS\WinSxS\amd64_microsoft.windows.common-controls_6595b64144ccf1df_6.0.14393.953_none_42151e83c686086b\COMCTL32.dll
0x00007fffe0820000 - 0x00007fffe0ae8000 	C:\WINDOWS\System32\combase.dll
0x00007fffdd2a0000 - 0x00007fffdd395000 	C:\WINDOWS\System32\ucrtbase.dll
0x00007fffdd230000 - 0x00007fffdd29a000 	C:\WINDOWS\System32\bcryptPrimitives.dll
0x00007fffdec00000 - 0x00007fffdec2e000 	C:\WINDOWS\System32\IMM32.DLL
0x000000005de60000 - 0x000000005df32000 	C:\Program Files\Java\jre1.8.0_121\bin\msvcr100.dll
0x000000005aa80000 - 0x000000005b31b000 	C:\Program Files\Java\jre1.8.0_121\bin\server\jvm.dll
0x00007fffdf2a0000 - 0x00007fffdf2a8000 	C:\WINDOWS\System32\PSAPI.DLL
0x00007fffcfc70000 - 0x00007fffcfc79000 	C:\WINDOWS\SYSTEM32\WSOCK32.dll
0x00007fffde150000 - 0x00007fffde1ba000 	C:\WINDOWS\System32\WS2_32.dll
0x00007fffdaf90000 - 0x00007fffdafb3000 	C:\WINDOWS\SYSTEM32\WINMM.dll
0x00007fffd88b0000 - 0x00007fffd88ba000 	C:\WINDOWS\SYSTEM32\VERSION.dll
0x0000000002860000 - 0x000000000288b000 	C:\WINDOWS\SYSTEM32\WINMMBASE.dll
0x00007fffdde80000 - 0x00007fffddec2000 	C:\WINDOWS\System32\cfgmgr32.dll
0x000000005e640000 - 0x000000005e64f000 	C:\Program Files\Java\jre1.8.0_121\bin\verify.dll
0x000000005e610000 - 0x000000005e639000 	C:\Program Files\Java\jre1.8.0_121\bin\java.dll
0x000000005e5f0000 - 0x000000005e606000 	C:\Program Files\Java\jre1.8.0_121\bin\zip.dll
0x00007fffdf310000 - 0x00007fffe0818000 	C:\WINDOWS\System32\SHELL32.dll
0x00007fffdd7a0000 - 0x00007fffdde7a000 	C:\WINDOWS\System32\windows.storage.dll
0x00007fffdcfa0000 - 0x00007fffdcfec000 	C:\WINDOWS\System32\powrprof.dll
0x00007fffdedd0000 - 0x00007fffdee22000 	C:\WINDOWS\System32\shlwapi.dll
0x00007fffdcf60000 - 0x00007fffdcf6f000 	C:\WINDOWS\System32\kernel.appcore.dll
0x00007fffdd570000 - 0x00007fffdd619000 	C:\WINDOWS\System32\shcore.dll
0x00007fffdcf80000 - 0x00007fffdcf94000 	C:\WINDOWS\System32\profapi.dll
0x000000005e1f0000 - 0x000000005e1fd000 	C:\Program Files\Java\jre1.8.0_121\bin\management.dll
0x000000005e5d0000 - 0x000000005e5ea000 	C:\Program Files\Java\jre1.8.0_121\bin\net.dll
0x00007fffdc830000 - 0x00007fffdc88c000 	C:\WINDOWS\system32\mswsock.dll
0x000000005e5b0000 - 0x000000005e5c1000 	C:\Program Files\Java\jre1.8.0_121\bin\nio.dll
0x00007fffce2a0000 - 0x00007fffce2b6000 	C:\WINDOWS\system32\napinsp.dll
0x00007fffcdce0000 - 0x00007fffcdcfa000 	C:\WINDOWS\system32\pnrpnsp.dll
0x00007fffdaf70000 - 0x00007fffdaf88000 	C:\WINDOWS\system32\NLAapi.dll
0x00007fffdc600000 - 0x00007fffdc6a1000 	C:\WINDOWS\SYSTEM32\DNSAPI.dll
0x00007fffde260000 - 0x00007fffde268000 	C:\WINDOWS\System32\NSI.dll
0x00007fffdc5b0000 - 0x00007fffdc5e8000 	C:\WINDOWS\SYSTEM32\IPHLPAPI.DLL
0x00007fffcdcb0000 - 0x00007fffcdcbe000 	C:\WINDOWS\System32\winrnr.dll
0x0000000060270000 - 0x0000000060296000 	C:\Program Files\Bonjour\mdnsNSP.dll
0x00007fffcdc90000 - 0x00007fffcdca5000 	C:\WINDOWS\System32\wshbth.dll
0x00007fffd5780000 - 0x00007fffd578a000 	C:\Windows\System32\rasadhlp.dll
0x00007fffd5f40000 - 0x00007fffd5faa000 	C:\WINDOWS\System32\fwpuclnt.dll
0x00007fffdcea0000 - 0x00007fffdcecb000 	C:\WINDOWS\SYSTEM32\bcrypt.dll
0x00007fffdc9e0000 - 0x00007fffdc9f7000 	C:\WINDOWS\SYSTEM32\CRYPTSP.dll
0x00007fffdc430000 - 0x00007fffdc463000 	C:\WINDOWS\system32\rsaenh.dll
0x00007fffdc6b0000 - 0x00007fffdc6cf000 	C:\WINDOWS\SYSTEM32\USERENV.dll
0x00007fffdc9d0000 - 0x00007fffdc9db000 	C:\WINDOWS\SYSTEM32\CRYPTBASE.dll
0x00007fffd8b70000 - 0x00007fffd8b86000 	C:\WINDOWS\SYSTEM32\dhcpcsvc6.DLL
0x00007fffd8af0000 - 0x00007fffd8b0a000 	C:\WINDOWS\SYSTEM32\dhcpcsvc.DLL

VM Arguments:
jvm_args: -Dcom.sun.management.jmxremote -Dcom.sun.management.jmxremote.port=56628 -Dcom.sun.management.jmxremote.authenticate=false -Dcom.sun.management.jmxremote.ssl=false -Djava.rmi.server.hostname=localhost -Dspring.liveBeansView.mbeanDomain -Dspring.application.admin.enabled=true -Dfile.encoding=UTF-8 
java_command: com.example.QuartsTasksMetro.QuartsTasksMetroApplication
java_class_path (initial): C:\Users\Sir Ignacio\Desktop\Sice2017\QuartsTasksMetro\target\classes;C:\Users\Sir Ignacio\.m2\repository\org\springframework\boot\spring-boot-starter-activemq\1.5.4.RELEASE\spring-boot-starter-activemq-1.5.4.RELEASE.jar;C:\Users\Sir Ignacio\.m2\repository\org\springframework\boot\spring-boot-starter\1.5.4.RELEASE\spring-boot-starter-1.5.4.RELEASE.jar;C:\Users\Sir Ignacio\.m2\repository\org\springframework\boot\spring-boot\1.5.4.RELEASE\spring-boot-1.5.4.RELEASE.jar;C:\Users\Sir Ignacio\.m2\repository\org\springframework\boot\spring-boot-autoconfigure\1.5.4.RELEASE\spring-boot-autoconfigure-1.5.4.RELEASE.jar;C:\Users\Sir Ignacio\.m2\repository\org\springframework\boot\spring-boot-starter-logging\1.5.4.RELEASE\spring-boot-starter-logging-1.5.4.RELEASE.jar;C:\Users\Sir Ignacio\.m2\repository\ch\qos\logback\logback-classic\1.1.11\logback-classic-1.1.11.jar;C:\Users\Sir Ignacio\.m2\repository\ch\qos\logback\logback-core\1.1.11\logback-core-1.1.11.jar;C:\Users\Sir Ignacio\.m2\repository\org\slf4j\jul-to-slf4j\1.7.25\jul-to-slf4j-1.7.25.jar;C:\Users\Sir Ignacio\.m2\repository\org\slf4j\log4j-over-slf4j\1.7.25\log4j-over-slf4j-1.7.25.jar;C:\Users\Sir Ignacio\.m2\repository\org\yaml\snakeyaml\1.17\snakeyaml-1.17.jar;C:\Users\Sir Ignacio\.m2\repository\org\springframework\spring-jms\4.3.9.RELEASE\spring-jms-4.3.9.RELEASE.jar;C:\Users\Sir Ignacio\.m2\repository\org\springframework\spring-aop\4.3.9.RELEASE\spring-aop-4.3.9.RELEASE.jar;C:\Users\Sir Ignacio\.m2\repository\org\springframework\spring-beans\4.3.9.RELEASE\spring-beans-4.3.9.RELEASE.jar;C:\Users\Sir Ignacio\.m2\repository\org\springframework\spring-context\4.3.9.RELEASE\spring-context-4.3.9.RELEASE.jar;C:\Users\Sir Ignacio\.m2\repository\org\springframework\spring-messaging\4.3.9.RELEASE\spring-messaging-4.3.9.RELEASE.jar;C:\Users\Sir Ignacio\.m2\repository\org\springframework\spring-tx\4.3.9.RELEASE\spring-tx-4.3.9.RELEASE.jar;C:\Users\Sir Ignacio\.m2\repository\org\apache\activemq\activ
Launcher Type: SUN_STANDARD

Environment Variables:
JAVA_HOME=C:\Program Files (x86)\Java\jdk1.8.0_111
CLASSPATH=C:\Program Files (x86)\Java\jdk1.8.0_111\jre
PATH=C:/Program Files/Java/jre1.8.0_121/bin/server;C:/Program Files/Java/jre1.8.0_121/bin;C:/Program Files/Java/jre1.8.0_121/lib/amd64;C:\Program Files (x86)\Common Files\Intel\Shared Libraries\redist\intel64\compiler;C:\Program Files (x86)\Common Files\Intel\Shared Libraries\redist\ia32\compiler;C:\oraclexe\app\oracle\product\11.2.0\server\bin;C:\ProgramData\Oracle\Java\javapath;C:\WINDOWS\system32;C:\WINDOWS;C:\WINDOWS\System32\Wbem;C:\WINDOWS\System32\WindowsPowerShell\v1.0\;C:\Program Files\Git\cmd;C:\wamp64\bin\php\php5.6.25;C:\ProgramData\ComposerSetup\bin;C:\Program Files\nodejs\;C:\Program Files\MySQL\MySQL Utilities 1.6\;C:\Program Files (x86)\apache-maven-3.3.9\bin;C:\apache-maven-3.3.9;C:\Program Files\Java\jdk1.7.0_51\bin;C:\Go\bin;C:\Program Files (x86)\Skype\Phone\;C:\Program Files (x86)\ZKTeco\ZKAccess\mysql\bin;;C:\WINDOWS;C:\WINDOWS\system32;C:\WINDOWS\System32\Wbem;;C:\Program Files (x86)\ZKTeco\ZKAccess\Python26;C:\Program Files (x86)\ZKTeco\ZKAccess\Python26\Scripts;C:\Users\Sir Ignacio\AppData\Local\atom\bin;C:\Users\Sir Ignacio\AppData\Local\Microsoft\WindowsApps;C:\Users\Sir Ignacio\AppData\Roaming\Composer\vendor\bin;C:\Users\Sir Ignacio\AppData\Roaming\npm;C:\Program Files\Docker Toolbox;C:\WINDOWS\system32;
USERNAME=Sir Ignacio
OS=Windows_NT
PROCESSOR_IDENTIFIER=AMD64 Family 21 Model 96 Stepping 1, AuthenticAMD



---------------  S Y S T E M  ---------------

OS: Windows 10.0 , 64 bit Build 14393 (10.0.14393.1198)

CPU:total 4 (4 cores per cpu, 1 threads per core) family 21 model 96 stepping 1, cmov, cx8, fxsr, mmx, sse, sse2, sse3, ssse3, sse4.1, sse4.2, popcnt, avx, avx2, aes, clmul, mmxext, 3dnowpref, lzcnt, sse4a, tsc, tscinvbit, tscinv, bmi1

Memory: 4k page, physical 7815204k(1941308k free), swap 7815204k(4108k free)

vm_info: Java HotSpot(TM) 64-Bit Server VM (25.121-b13) for windows-amd64 JRE (1.8.0_121-b13), built on Dec 12 2016 18:21:36 by "java_re" with MS VC++ 10.0 (VS2010)

time: Mon Jul 10 14:47:59 2017
elapsed time: 6 seconds (0d 0h 0m 6s)

