#
# There is insufficient memory for the Java Runtime Environment to continue.
# Native memory allocation (malloc) failed to allocate 1332816 bytes for Chunk::new
# Possible reasons:
#   The system is out of physical RAM or swap space
#   In 32 bit mode, the process size limit was hit
# Possible solutions:
#   Reduce memory load on the system
#   Increase physical memory or swap space
#   Check if swap backing store is full
#   Use 64 bit Java on a 64 bit OS
#   Decrease Java heap size (-Xmx/-Xms)
#   Decrease number of Java threads
#   Decrease Java thread stack sizes (-Xss)
#   Set larger code cache with -XX:ReservedCodeCacheSize=
# This output file may be truncated or incomplete.
#
#  Out of Memory Error (allocation.cpp:390), pid=17736, tid=0x00000000000028cc
#
# JRE version: Java(TM) SE Runtime Environment (8.0_121-b13) (build 1.8.0_121-b13)
# Java VM: Java HotSpot(TM) 64-Bit Server VM (25.121-b13 mixed mode windows-amd64 compressed oops)
# Failed to write core dump. Minidumps are not enabled by default on client versions of Windows
#

---------------  T H R E A D  ---------------

Current thread (0x0000000016fb3800):  JavaThread "C2 CompilerThread0" daemon [_thread_in_native, id=10444, stack(0x0000000018620000,0x0000000018720000)]

Stack: [0x0000000018620000,0x0000000018720000]
[error occurred during error reporting (printing stack bounds), id 0xc0000005]

Native frames: (J=compiled Java code, j=interpreted, Vv=VM code, C=native code)


Current CompileTask:
C2:   8775 2670   !   4       java.net.URLClassLoader$1::run (63 bytes)


---------------  P R O C E S S  ---------------

Java Threads: ( => current thread )
  0x0000000019758800 JavaThread "JMX server connection timeout 17" daemon [_thread_blocked, id=15760, stack(0x000000001a450000,0x000000001a550000)]
  0x000000001974f000 JavaThread "RMI TCP Connection(2)-127.0.0.1" daemon [_thread_in_native, id=1072, stack(0x000000001a350000,0x000000001a450000)]
  0x0000000019748000 JavaThread "RMI Scheduler(0)" daemon [_thread_blocked, id=3552, stack(0x000000001a050000,0x000000001a150000)]
  0x0000000019729800 JavaThread "RMI TCP Connection(1)-127.0.0.1" daemon [_thread_in_native, id=15876, stack(0x0000000019f50000,0x000000001a050000)]
  0x00000000196af800 JavaThread "RMI TCP Accept-0" daemon [_thread_in_native, id=15492, stack(0x0000000019c00000,0x0000000019d00000)]
  0x0000000018d1e000 JavaThread "RMI TCP Accept-61032" daemon [_thread_in_native, id=14372, stack(0x0000000019b00000,0x0000000019c00000)]
  0x0000000019692800 JavaThread "RMI TCP Accept-0" daemon [_thread_in_native, id=12968, stack(0x0000000018e20000,0x0000000018f20000)]
  0x0000000018960000 JavaThread "Service Thread" daemon [_thread_blocked, id=14084, stack(0x0000000018d20000,0x0000000018e20000)]
  0x0000000016fc0800 JavaThread "C1 CompilerThread2" daemon [_thread_blocked, id=15908, stack(0x0000000018820000,0x0000000018920000)]
  0x0000000016fb7800 JavaThread "C2 CompilerThread1" daemon [_thread_in_native, id=15368, stack(0x0000000018720000,0x0000000018820000)]
=>0x0000000016fb3800 JavaThread "C2 CompilerThread0" daemon [_thread_in_native, id=10444, stack(0x0000000018620000,0x0000000018720000)]
  0x0000000016fb2000 JavaThread "Attach Listener" daemon [_thread_blocked, id=9120, stack(0x0000000018520000,0x0000000018620000)]
  0x0000000016fb1000 JavaThread "Signal Dispatcher" daemon [_thread_blocked, id=14572, stack(0x0000000018420000,0x0000000018520000)]
  0x0000000016f9a800 JavaThread "Finalizer" daemon [_thread_blocked, id=2428, stack(0x0000000018210000,0x0000000018310000)]
  0x0000000002894000 JavaThread "Reference Handler" daemon [_thread_blocked, id=8236, stack(0x0000000018110000,0x0000000018210000)]
  0x00000000027a5800 JavaThread "main" [_thread_in_Java, id=6504, stack(0x00000000026a0000,0x00000000027a0000)]

Other Threads:
  0x0000000016f77000 VMThread [stack: 0x0000000018010000,0x0000000018110000] [id=11772]
  0x00000000196b6000 WatcherThread [stack: 0x0000000019d00000,0x0000000019e00000] [id=18896]

VM state:not at safepoint (normal execution)

VM Mutex/Monitor currently owned by a thread: None

Heap:
 PSYoungGen      total 66560K, used 45649K [0x00000000d8380000, 0x00000000dc980000, 0x0000000100000000)
  eden space 61440K, 65% used [0x00000000d8380000,0x00000000dab17d58,0x00000000dbf80000)
  from space 5120K, 99% used [0x00000000dbf80000,0x00000000dc47c7b8,0x00000000dc480000)
  to   space 5120K, 0% used [0x00000000dc480000,0x00000000dc480000,0x00000000dc980000)
 ParOldGen       total 54272K, used 6878K [0x0000000088a00000, 0x000000008bf00000, 0x00000000d8380000)
  object space 54272K, 12% used [0x0000000088a00000,0x00000000890b7b20,0x000000008bf00000)
 Metaspace       used 25575K, capacity 25974K, committed 26112K, reserved 1073152K
  class space    used 3222K, capacity 3326K, committed 3328K, reserved 1048576K

Card table byte_map: [0x0000000011c60000,0x0000000012020000] byte_map_base: 0x000000001181b000

Marking Bits: (ParMarkBitMap*) 0x000000005e14b6d0
 Begin Bits: [0x00000000126a0000, 0x0000000014478000)
 End Bits:   [0x0000000014478000, 0x0000000016250000)

Polling page: 0x0000000000890000

CodeCache: size=245760Kb used=10494Kb max_used=10494Kb free=235265Kb
 bounds [0x00000000028a0000, 0x00000000032f0000, 0x00000000118a0000]
 total_blobs=3196 nmethods=2805 adapters=304
 compilation: enabled

Compilation events (10 events):
Event: 8.713 Thread 0x0000000016fc0800 nmethod 2803 0x00000000032ccb50 code [0x00000000032cd060, 0x00000000032d0238]
Event: 8.713 Thread 0x0000000016fc0800 2804       3       org.springframework.context.annotation.CommonAnnotationBeanPostProcessor$2::doWith (363 bytes)
Event: 8.724 Thread 0x0000000016fc0800 nmethod 2804 0x00000000032d1b90 code [0x00000000032d2300, 0x00000000032d7048]
Event: 8.724 Thread 0x0000000016fc0800 2805       3       java.beans.Introspector::decapitalize (68 bytes)
Event: 8.726 Thread 0x0000000016fc0800 nmethod 2805 0x00000000032d9a50 code [0x00000000032d9d60, 0x00000000032db3d8]
Event: 8.726 Thread 0x0000000016fc0800 2806       3       java.beans.PropertyDescriptor::getPropertyEditorClass (22 bytes)
Event: 8.727 Thread 0x0000000016fc0800 nmethod 2806 0x00000000032dbed0 code [0x00000000032dc040, 0x00000000032dc3a8]
Event: 8.727 Thread 0x0000000016fc0800 2807       3       java.beans.PropertyDescriptor::<init> (70 bytes)
Event: 8.728 Thread 0x0000000016fc0800 nmethod 2807 0x00000000032dc490 code [0x00000000032dc720, 0x00000000032dda18]
Event: 8.737 Thread 0x0000000016fc0800 2808       3       sun.reflect.generics.reflectiveObjects.ParameterizedTypeImpl::toString (242 bytes)

GC Heap History (10 events):
Event: 3.368 GC heap before
{Heap before GC invocations=2 (full 0):
 PSYoungGen      total 35840K, used 35346K [0x00000000d8380000, 0x00000000dab80000, 0x0000000100000000)
  eden space 30720K, 100% used [0x00000000d8380000,0x00000000da180000,0x00000000da180000)
  from space 5120K, 90% used [0x00000000da180000,0x00000000da604ac8,0x00000000da680000)
  to   space 5120K, 0% used [0x00000000da680000,0x00000000da680000,0x00000000dab80000)
 ParOldGen       total 81920K, used 8K [0x0000000088a00000, 0x000000008da00000, 0x00000000d8380000)
  object space 81920K, 0% used [0x0000000088a00000,0x0000000088a02000,0x000000008da00000)
 Metaspace       used 15456K, capacity 15724K, committed 15872K, reserved 1062912K
  class space    used 1934K, capacity 2020K, committed 2048K, reserved 1048576K
Event: 3.386 GC heap after
Heap after GC invocations=2 (full 0):
 PSYoungGen      total 35840K, used 5096K [0x00000000d8380000, 0x00000000dc980000, 0x0000000100000000)
  eden space 30720K, 0% used [0x00000000d8380000,0x00000000d8380000,0x00000000da180000)
  from space 5120K, 99% used [0x00000000da680000,0x00000000dab7a310,0x00000000dab80000)
  to   space 5120K, 0% used [0x00000000da180000,0x00000000da180000,0x00000000da680000)
 ParOldGen       total 81920K, used 1661K [0x0000000088a00000, 0x000000008da00000, 0x00000000d8380000)
  object space 81920K, 2% used [0x0000000088a00000,0x0000000088b9f4e0,0x000000008da00000)
 Metaspace       used 15456K, capacity 15724K, committed 15872K, reserved 1062912K
  class space    used 1934K, capacity 2020K, committed 2048K, reserved 1048576K
}
Event: 4.369 GC heap before
{Heap before GC invocations=3 (full 0):
 PSYoungGen      total 35840K, used 35816K [0x00000000d8380000, 0x00000000dc980000, 0x0000000100000000)
  eden space 30720K, 100% used [0x00000000d8380000,0x00000000da180000,0x00000000da180000)
  from space 5120K, 99% used [0x00000000da680000,0x00000000dab7a310,0x00000000dab80000)
  to   space 5120K, 0% used [0x00000000da180000,0x00000000da180000,0x00000000da680000)
 ParOldGen       total 81920K, used 1661K [0x0000000088a00000, 0x000000008da00000, 0x00000000d8380000)
  object space 81920K, 2% used [0x0000000088a00000,0x0000000088b9f4e0,0x000000008da00000)
 Metaspace       used 19868K, capacity 20204K, committed 20480K, reserved 1067008K
  class space    used 2458K, capacity 2535K, committed 2560K, reserved 1048576K
Event: 4.390 GC heap after
Heap after GC invocations=3 (full 0):
 PSYoungGen      total 35840K, used 5105K [0x00000000d8380000, 0x00000000dc980000, 0x0000000100000000)
  eden space 30720K, 0% used [0x00000000d8380000,0x00000000d8380000,0x00000000da180000)
  from space 5120K, 99% used [0x00000000da180000,0x00000000da67c4a8,0x00000000da680000)
  to   space 5120K, 0% used [0x00000000dc480000,0x00000000dc480000,0x00000000dc980000)
 ParOldGen       total 81920K, used 3936K [0x0000000088a00000, 0x000000008da00000, 0x00000000d8380000)
  object space 81920K, 4% used [0x0000000088a00000,0x0000000088dd82c0,0x000000008da00000)
 Metaspace       used 19868K, capacity 20204K, committed 20480K, reserved 1067008K
  class space    used 2458K, capacity 2535K, committed 2560K, reserved 1048576K
}
Event: 5.162 GC heap before
{Heap before GC invocations=4 (full 0):
 PSYoungGen      total 35840K, used 28222K [0x00000000d8380000, 0x00000000dc980000, 0x0000000100000000)
  eden space 30720K, 75% used [0x00000000d8380000,0x00000000d9a136e8,0x00000000da180000)
  from space 5120K, 99% used [0x00000000da180000,0x00000000da67c4a8,0x00000000da680000)
  to   space 5120K, 0% used [0x00000000dc480000,0x00000000dc480000,0x00000000dc980000)
 ParOldGen       total 81920K, used 3936K [0x0000000088a00000, 0x000000008da00000, 0x00000000d8380000)
  object space 81920K, 4% used [0x0000000088a00000,0x0000000088dd82c0,0x000000008da00000)
 Metaspace       used 20808K, capacity 21200K, committed 21296K, reserved 1069056K
  class space    used 2568K, capacity 2669K, committed 2688K, reserved 1048576K
Event: 5.179 GC heap after
Heap after GC invocations=4 (full 0):
 PSYoungGen      total 66560K, used 5104K [0x00000000d8380000, 0x00000000dc980000, 0x0000000100000000)
  eden space 61440K, 0% used [0x00000000d8380000,0x00000000d8380000,0x00000000dbf80000)
  from space 5120K, 99% used [0x00000000dc480000,0x00000000dc97c010,0x00000000dc980000)
  to   space 5120K, 0% used [0x00000000dbf80000,0x00000000dbf80000,0x00000000dc480000)
 ParOldGen       total 81920K, used 5541K [0x0000000088a00000, 0x000000008da00000, 0x00000000d8380000)
  object space 81920K, 6% used [0x0000000088a00000,0x0000000088f69740,0x000000008da00000)
 Metaspace       used 20808K, capacity 21200K, committed 21296K, reserved 1069056K
  class space    used 2568K, capacity 2669K, committed 2688K, reserved 1048576K
}
Event: 5.179 GC heap before
{Heap before GC invocations=5 (full 1):
 PSYoungGen      total 66560K, used 5104K [0x00000000d8380000, 0x00000000dc980000, 0x0000000100000000)
  eden space 61440K, 0% used [0x00000000d8380000,0x00000000d8380000,0x00000000dbf80000)
  from space 5120K, 99% used [0x00000000dc480000,0x00000000dc97c010,0x00000000dc980000)
  to   space 5120K, 0% used [0x00000000dbf80000,0x00000000dbf80000,0x00000000dc480000)
 ParOldGen       total 81920K, used 5541K [0x0000000088a00000, 0x000000008da00000, 0x00000000d8380000)
  object space 81920K, 6% used [0x0000000088a00000,0x0000000088f69740,0x000000008da00000)
 Metaspace       used 20808K, capacity 21200K, committed 21296K, reserved 1069056K
  class space    used 2568K, capacity 2669K, committed 2688K, reserved 1048576K
Event: 5.249 GC heap after
Heap after GC invocations=5 (full 1):
 PSYoungGen      total 66560K, used 0K [0x00000000d8380000, 0x00000000dc980000, 0x0000000100000000)
  eden space 61440K, 0% used [0x00000000d8380000,0x00000000d8380000,0x00000000dbf80000)
  from space 5120K, 0% used [0x00000000dc480000,0x00000000dc480000,0x00000000dc980000)
  to   space 5120K, 0% used [0x00000000dbf80000,0x00000000dbf80000,0x00000000dc480000)
 ParOldGen       total 54272K, used 6640K [0x0000000088a00000, 0x000000008bf00000, 0x00000000d8380000)
  object space 54272K, 12% used [0x0000000088a00000,0x000000008907c100,0x000000008bf00000)
 Metaspace       used 20808K, capacity 21200K, committed 21296K, reserved 1069056K
  class space    used 2568K, capacity 2669K, committed 2688K, reserved 1048576K
}
Event: 7.581 GC heap before
{Heap before GC invocations=6 (full 1):
 PSYoungGen      total 66560K, used 61440K [0x00000000d8380000, 0x00000000dc980000, 0x0000000100000000)
  eden space 61440K, 100% used [0x00000000d8380000,0x00000000dbf80000,0x00000000dbf80000)
  from space 5120K, 0% used [0x00000000dc480000,0x00000000dc480000,0x00000000dc980000)
  to   space 5120K, 0% used [0x00000000dbf80000,0x00000000dbf80000,0x00000000dc480000)
 ParOldGen       total 54272K, used 6640K [0x0000000088a00000, 0x000000008bf00000, 0x00000000d8380000)
  object space 54272K, 12% used [0x0000000088a00000,0x000000008907c100,0x000000008bf00000)
 Metaspace       used 23780K, capacity 24166K, committed 24448K, reserved 1071104K
  class space    used 2972K, capacity 3094K, committed 3200K, reserved 1048576K
Event: 7.599 GC heap after
Heap after GC invocations=6 (full 1):
 PSYoungGen      total 66560K, used 5105K [0x00000000d8380000, 0x00000000dc980000, 0x0000000100000000)
  eden space 61440K, 0% used [0x00000000d8380000,0x00000000d8380000,0x00000000dbf80000)
  from space 5120K, 99% used [0x00000000dbf80000,0x00000000dc47c7b8,0x00000000dc480000)
  to   space 5120K, 0% used [0x00000000dc480000,0x00000000dc480000,0x00000000dc980000)
 ParOldGen       total 54272K, used 6878K [0x0000000088a00000, 0x000000008bf00000, 0x00000000d8380000)
  object space 54272K, 12% used [0x0000000088a00000,0x00000000890b7b20,0x000000008bf00000)
 Metaspace       used 23780K, capacity 24166K, committed 24448K, reserved 1071104K
  class space    used 2972K, capacity 3094K, committed 3200K, reserved 1048576K
}

Deoptimization events (10 events):
Event: 7.710 Thread 0x00000000027a5800 Uncommon trap: reason=bimorphic action=maybe_recompile pc=0x0000000003082f40 method=java.util.regex.Pattern$Slice.match(Ljava/util/regex/Matcher;ILjava/lang/CharSequence;)Z @ 75
Event: 7.710 Thread 0x00000000027a5800 Uncommon trap: reason=bimorphic action=maybe_recompile pc=0x0000000003082f40 method=java.util.regex.Pattern$Slice.match(Ljava/util/regex/Matcher;ILjava/lang/CharSequence;)Z @ 75
Event: 7.711 Thread 0x00000000027a5800 Uncommon trap: reason=bimorphic action=maybe_recompile pc=0x0000000003082f40 method=java.util.regex.Pattern$Slice.match(Ljava/util/regex/Matcher;ILjava/lang/CharSequence;)Z @ 75
Event: 7.711 Thread 0x00000000027a5800 Uncommon trap: reason=bimorphic action=maybe_recompile pc=0x0000000003082f40 method=java.util.regex.Pattern$Slice.match(Ljava/util/regex/Matcher;ILjava/lang/CharSequence;)Z @ 75
Event: 7.784 Thread 0x00000000027a5800 Uncommon trap: reason=unstable_if action=reinterpret pc=0x000000000303654c method=java.util.Arrays.equals([Ljava/lang/Object;[Ljava/lang/Object;)Z @ 65
Event: 7.881 Thread 0x00000000027a5800 Uncommon trap: reason=null_check action=make_not_entrant pc=0x00000000031d14f8 method=org.springframework.beans.factory.support.DefaultListableBeanFactory.getBeanDefinition(Ljava/lang/String;)Lorg/springframework/beans/factory/config/BeanDefinition; @ 10
Event: 8.434 Thread 0x00000000027a5800 Uncommon trap: reason=unstable_if action=reinterpret pc=0x000000000313d2e4 method=org.springframework.asm.Type.getArgumentsAndReturnSizes(Ljava/lang/String;)I @ 88
Event: 8.434 Thread 0x00000000027a5800 Uncommon trap: reason=unstable_if action=reinterpret pc=0x000000000313159c method=org.springframework.asm.Type.getArgumentTypes(Ljava/lang/String;)[Lorg/springframework/asm/Type; @ 58
Event: 8.438 Thread 0x00000000027a5800 Uncommon trap: reason=unstable_if action=reinterpret pc=0x00000000031eaa10 method=org.springframework.asm.Type.getArgumentsAndReturnSizes(Ljava/lang/String;)I @ 88
Event: 8.627 Thread 0x00000000027a5800 Uncommon trap: reason=unstable_if action=reinterpret pc=0x00000000031973d4 method=java.lang.reflect.Method.equals(Ljava/lang/Object;)Z @ 1

Internal exceptions (10 events):
Event: 8.716 Thread 0x00000000027a5800 Exception <a 'java/lang/ClassNotFoundException': org/springframework/beans/factory/InitializingBeanCustomizer> (0x00000000da81c5d8) thrown at [C:\re\workspace\8-2-build-windows-amd64-cygwin\jdk8u121\8372\hotspot\src\share\vm\classfile\systemDictionary.cpp
Event: 8.723 Thread 0x00000000027a5800 Exception <a 'java/lang/ClassNotFoundException': java/lang/ObjectCustomizer> (0x00000000da833da8) thrown at [C:\re\workspace\8-2-build-windows-amd64-cygwin\jdk8u121\8372\hotspot\src\share\vm\classfile\systemDictionary.cpp, line 210]
Event: 8.724 Thread 0x00000000027a5800 Exception <a 'java/lang/ClassNotFoundException': org/springframework/aop/support/AbstractPointcutAdvisorCustomizer> (0x00000000da84b830) thrown at [C:\re\workspace\8-2-build-windows-amd64-cygwin\jdk8u121\8372\hotspot\src\share\vm\classfile\systemDictionar
Event: 8.726 Thread 0x00000000027a5800 Exception <a 'java/lang/ClassNotFoundException': org/springframework/aop/support/AbstractBeanFactoryPointcutAdvisorCustomizer> (0x00000000da867a98) thrown at [C:\re\workspace\8-2-build-windows-amd64-cygwin\jdk8u121\8372\hotspot\src\share\vm\classfile\syst
Event: 8.727 Thread 0x00000000027a5800 Exception <a 'java/lang/ClassNotFoundException': org/springframework/transaction/interceptor/BeanFactoryTransactionAttributeSourceAdvisorCustomizer> (0x00000000da88b0a8) thrown at [C:\re\workspace\8-2-build-windows-amd64-cygwin\jdk8u121\8372\hotspot\src\s
Event: 8.729 Thread 0x00000000027a5800 Exception <a 'java/lang/ClassNotFoundException': org/springframework/beans/factory/BeanFactoryAwareCustomizer> (0x00000000da8a8f78) thrown at [C:\re\workspace\8-2-build-windows-amd64-cygwin\jdk8u121\8372\hotspot\src\share\vm\classfile\systemDictionary.cpp
Event: 8.731 Thread 0x00000000027a5800 Exception <a 'java/lang/ClassNotFoundException': org/springframework/aop/PointcutAdvisorCustomizer> (0x00000000da8bafd8) thrown at [C:\re\workspace\8-2-build-windows-amd64-cygwin\jdk8u121\8372\hotspot\src\share\vm\classfile\systemDictionary.cpp, line 210]
Event: 8.732 Thread 0x00000000027a5800 Exception <a 'java/lang/ClassNotFoundException': org/springframework/core/OrderedCustomizer> (0x00000000da8cb058) thrown at [C:\re\workspace\8-2-build-windows-amd64-cygwin\jdk8u121\8372\hotspot\src\share\vm\classfile\systemDictionary.cpp, line 210]
Event: 8.732 Thread 0x00000000027a5800 Exception <a 'java/lang/ClassNotFoundException': java/io/SerializableCustomizer> (0x00000000da8d25a8) thrown at [C:\re\workspace\8-2-build-windows-amd64-cygwin\jdk8u121\8372\hotspot\src\share\vm\classfile\systemDictionary.cpp, line 210]
Event: 8.736 Thread 0x00000000027a5800 Exception <a 'java/lang/ClassNotFoundException': java/lang/ObjectCustomizer> (0x00000000da8ea688) thrown at [C:\re\workspace\8-2-build-windows-amd64-cygwin\jdk8u121\8372\hotspot\src\share\vm\classfile\systemDictionary.cpp, line 210]

Events (10 events):
Event: 8.732 loading class java/io/SerializableCustomizer
Event: 8.732 loading class java/io/SerializableCustomizer done
Event: 8.734 loading class org/springframework/aop/aspectj/AspectJPointcutAdvisor
Event: 8.734 loading class org/springframework/aop/aspectj/AspectJPointcutAdvisor done
Event: 8.736 loading class java/lang/ObjectCustomizer
Event: 8.736 loading class java/lang/ObjectCustomizer done
Event: 8.736 loading class java/lang/ObjectCustomizer
Event: 8.736 loading class java/lang/ObjectCustomizer done
Event: 8.737 loading class org/springframework/boot/autoconfigure/web/EmbeddedServletContainerAutoConfiguration$EmbeddedTomcatCustomizer
Event: 8.737 loading class org/springframework/boot/autoconfigure/web/EmbeddedServletContainerAutoConfiguration$EmbeddedTomcatCustomizer done


Dynamic libraries:
0x00007ff7b33c0000 - 0x00007ff7b33f7000 	C:\Program Files\Java\jre1.8.0_121\bin\javaw.exe
0x00007fffe0af0000 - 0x00007fffe0cc1000 	C:\WINDOWS\SYSTEM32\ntdll.dll
0x00007fffde310000 - 0x00007fffde3bc000 	C:\WINDOWS\System32\KERNEL32.DLL
0x00007fffdcff0000 - 0x00007fffdd20d000 	C:\WINDOWS\System32\KERNELBASE.dll
0x00007fffdee30000 - 0x00007fffdeed2000 	C:\WINDOWS\System32\ADVAPI32.dll
0x00007fffde270000 - 0x00007fffde30e000 	C:\WINDOWS\System32\msvcrt.dll
0x00007fffdf010000 - 0x00007fffdf069000 	C:\WINDOWS\System32\sechost.dll
0x00007fffdeee0000 - 0x00007fffdf001000 	C:\WINDOWS\System32\RPCRT4.dll
0x00007fffde3c0000 - 0x00007fffde525000 	C:\WINDOWS\System32\USER32.dll
0x00007fffdd210000 - 0x00007fffdd22e000 	C:\WINDOWS\System32\win32u.dll
0x00007fffdebc0000 - 0x00007fffdebf4000 	C:\WINDOWS\System32\GDI32.dll
0x00007fffdd620000 - 0x00007fffdd7a0000 	C:\WINDOWS\System32\gdi32full.dll
0x00007fffd5420000 - 0x00007fffd569a000 	C:\WINDOWS\WinSxS\amd64_microsoft.windows.common-controls_6595b64144ccf1df_6.0.14393.953_none_42151e83c686086b\COMCTL32.dll
0x00007fffe0820000 - 0x00007fffe0ae8000 	C:\WINDOWS\System32\combase.dll
0x00007fffdd2a0000 - 0x00007fffdd395000 	C:\WINDOWS\System32\ucrtbase.dll
0x00007fffdd230000 - 0x00007fffdd29a000 	C:\WINDOWS\System32\bcryptPrimitives.dll
0x00007fffdec00000 - 0x00007fffdec2e000 	C:\WINDOWS\System32\IMM32.DLL
0x000000005d820000 - 0x000000005d8f2000 	C:\Program Files\Java\jre1.8.0_121\bin\msvcr100.dll
0x000000005d930000 - 0x000000005e1cb000 	C:\Program Files\Java\jre1.8.0_121\bin\server\jvm.dll
0x00007fffdf2a0000 - 0x00007fffdf2a8000 	C:\WINDOWS\System32\PSAPI.DLL
0x00007fffd88b0000 - 0x00007fffd88ba000 	C:\WINDOWS\SYSTEM32\VERSION.dll
0x00007fffcfc70000 - 0x00007fffcfc79000 	C:\WINDOWS\SYSTEM32\WSOCK32.dll
0x00007fffdaf90000 - 0x00007fffdafb3000 	C:\WINDOWS\SYSTEM32\WINMM.dll
0x00007fffde150000 - 0x00007fffde1ba000 	C:\WINDOWS\System32\WS2_32.dll
0x0000000000bc0000 - 0x0000000000beb000 	C:\WINDOWS\SYSTEM32\WINMMBASE.dll
0x00007fffdde80000 - 0x00007fffddec2000 	C:\WINDOWS\System32\cfgmgr32.dll
0x000000005e470000 - 0x000000005e47f000 	C:\Program Files\Java\jre1.8.0_121\bin\verify.dll
0x000000005e440000 - 0x000000005e469000 	C:\Program Files\Java\jre1.8.0_121\bin\java.dll
0x000000005e420000 - 0x000000005e436000 	C:\Program Files\Java\jre1.8.0_121\bin\zip.dll
0x00007fffdf310000 - 0x00007fffe0818000 	C:\WINDOWS\System32\SHELL32.dll
0x00007fffdd7a0000 - 0x00007fffdde7a000 	C:\WINDOWS\System32\windows.storage.dll
0x00007fffdcfa0000 - 0x00007fffdcfec000 	C:\WINDOWS\System32\powrprof.dll
0x00007fffdedd0000 - 0x00007fffdee22000 	C:\WINDOWS\System32\shlwapi.dll
0x00007fffdcf60000 - 0x00007fffdcf6f000 	C:\WINDOWS\System32\kernel.appcore.dll
0x00007fffdd570000 - 0x00007fffdd619000 	C:\WINDOWS\System32\shcore.dll
0x00007fffdcf80000 - 0x00007fffdcf94000 	C:\WINDOWS\System32\profapi.dll
0x000000005e610000 - 0x000000005e61d000 	C:\Program Files\Java\jre1.8.0_121\bin\management.dll
0x000000005e400000 - 0x000000005e41a000 	C:\Program Files\Java\jre1.8.0_121\bin\net.dll
0x00007fffdc830000 - 0x00007fffdc88c000 	C:\WINDOWS\system32\mswsock.dll
0x000000005e3e0000 - 0x000000005e3f1000 	C:\Program Files\Java\jre1.8.0_121\bin\nio.dll
0x00007fffce2a0000 - 0x00007fffce2b6000 	C:\WINDOWS\system32\napinsp.dll
0x00007fffcdce0000 - 0x00007fffcdcfa000 	C:\WINDOWS\system32\pnrpnsp.dll
0x00007fffdaf70000 - 0x00007fffdaf88000 	C:\WINDOWS\system32\NLAapi.dll
0x00007fffdc600000 - 0x00007fffdc6a1000 	C:\WINDOWS\SYSTEM32\DNSAPI.dll
0x00007fffde260000 - 0x00007fffde268000 	C:\WINDOWS\System32\NSI.dll
0x00007fffdc5b0000 - 0x00007fffdc5e8000 	C:\WINDOWS\SYSTEM32\IPHLPAPI.DLL
0x00007fffcdcb0000 - 0x00007fffcdcbe000 	C:\WINDOWS\System32\winrnr.dll
0x0000000060270000 - 0x0000000060296000 	C:\Program Files\Bonjour\mdnsNSP.dll
0x00007fffcdc90000 - 0x00007fffcdca5000 	C:\WINDOWS\System32\wshbth.dll
0x00007fffd5780000 - 0x00007fffd578a000 	C:\Windows\System32\rasadhlp.dll
0x00007fffd5f40000 - 0x00007fffd5faa000 	C:\WINDOWS\System32\fwpuclnt.dll
0x00007fffdcea0000 - 0x00007fffdcecb000 	C:\WINDOWS\SYSTEM32\bcrypt.dll
0x00007fffdc9e0000 - 0x00007fffdc9f7000 	C:\WINDOWS\SYSTEM32\CRYPTSP.dll
0x00007fffdc430000 - 0x00007fffdc463000 	C:\WINDOWS\system32\rsaenh.dll
0x00007fffdc6b0000 - 0x00007fffdc6cf000 	C:\WINDOWS\SYSTEM32\USERENV.dll
0x00007fffdc9d0000 - 0x00007fffdc9db000 	C:\WINDOWS\SYSTEM32\CRYPTBASE.dll
0x00007fffd8b70000 - 0x00007fffd8b86000 	C:\WINDOWS\SYSTEM32\dhcpcsvc6.DLL
0x00007fffd8af0000 - 0x00007fffd8b0a000 	C:\WINDOWS\SYSTEM32\dhcpcsvc.DLL

VM Arguments:
jvm_args: -Dcom.sun.management.jmxremote -Dcom.sun.management.jmxremote.port=61032 -Dcom.sun.management.jmxremote.authenticate=false -Dcom.sun.management.jmxremote.ssl=false -Djava.rmi.server.hostname=localhost -Dspring.liveBeansView.mbeanDomain -Dspring.application.admin.enabled=true -Dfile.encoding=UTF-8 
java_command: com.example.QuartsTasksMetro.QuartsTasksMetroApplication
java_class_path (initial): C:\Users\Sir Ignacio\Desktop\Sice2017\QuartsTasksMetro\target\classes;C:\Users\Sir Ignacio\.m2\repository\org\springframework\boot\spring-boot-starter-activemq\1.5.4.RELEASE\spring-boot-starter-activemq-1.5.4.RELEASE.jar;C:\Users\Sir Ignacio\.m2\repository\org\springframework\boot\spring-boot-starter\1.5.4.RELEASE\spring-boot-starter-1.5.4.RELEASE.jar;C:\Users\Sir Ignacio\.m2\repository\org\springframework\boot\spring-boot\1.5.4.RELEASE\spring-boot-1.5.4.RELEASE.jar;C:\Users\Sir Ignacio\.m2\repository\org\springframework\boot\spring-boot-autoconfigure\1.5.4.RELEASE\spring-boot-autoconfigure-1.5.4.RELEASE.jar;C:\Users\Sir Ignacio\.m2\repository\org\springframework\boot\spring-boot-starter-logging\1.5.4.RELEASE\spring-boot-starter-logging-1.5.4.RELEASE.jar;C:\Users\Sir Ignacio\.m2\repository\ch\qos\logback\logback-classic\1.1.11\logback-classic-1.1.11.jar;C:\Users\Sir Ignacio\.m2\repository\ch\qos\logback\logback-core\1.1.11\logback-core-1.1.11.jar;C:\Users\Sir Ignacio\.m2\repository\org\slf4j\jul-to-slf4j\1.7.25\jul-to-slf4j-1.7.25.jar;C:\Users\Sir Ignacio\.m2\repository\org\slf4j\log4j-over-slf4j\1.7.25\log4j-over-slf4j-1.7.25.jar;C:\Users\Sir Ignacio\.m2\repository\org\yaml\snakeyaml\1.17\snakeyaml-1.17.jar;C:\Users\Sir Ignacio\.m2\repository\org\springframework\spring-jms\4.3.9.RELEASE\spring-jms-4.3.9.RELEASE.jar;C:\Users\Sir Ignacio\.m2\repository\org\springframework\spring-aop\4.3.9.RELEASE\spring-aop-4.3.9.RELEASE.jar;C:\Users\Sir Ignacio\.m2\repository\org\springframework\spring-beans\4.3.9.RELEASE\spring-beans-4.3.9.RELEASE.jar;C:\Users\Sir Ignacio\.m2\repository\org\springframework\spring-context\4.3.9.RELEASE\spring-context-4.3.9.RELEASE.jar;C:\Users\Sir Ignacio\.m2\repository\org\springframework\spring-messaging\4.3.9.RELEASE\spring-messaging-4.3.9.RELEASE.jar;C:\Users\Sir Ignacio\.m2\repository\org\springframework\spring-tx\4.3.9.RELEASE\spring-tx-4.3.9.RELEASE.jar;C:\Users\Sir Ignacio\.m2\repository\org\apache\activemq\activ
Launcher Type: SUN_STANDARD

Environment Variables:
JAVA_HOME=C:\Program Files (x86)\Java\jdk1.8.0_111
CLASSPATH=C:\Program Files (x86)\Java\jdk1.8.0_111\jre
PATH=C:/Program Files/Java/jre1.8.0_121/bin/server;C:/Program Files/Java/jre1.8.0_121/bin;C:/Program Files/Java/jre1.8.0_121/lib/amd64;C:\Program Files (x86)\Common Files\Intel\Shared Libraries\redist\intel64\compiler;C:\Program Files (x86)\Common Files\Intel\Shared Libraries\redist\ia32\compiler;C:\oraclexe\app\oracle\product\11.2.0\server\bin;C:\ProgramData\Oracle\Java\javapath;C:\WINDOWS\system32;C:\WINDOWS;C:\WINDOWS\System32\Wbem;C:\WINDOWS\System32\WindowsPowerShell\v1.0\;C:\Program Files\Git\cmd;C:\wamp64\bin\php\php5.6.25;C:\ProgramData\ComposerSetup\bin;C:\Program Files\nodejs\;C:\Program Files\MySQL\MySQL Utilities 1.6\;C:\Program Files (x86)\apache-maven-3.3.9\bin;C:\apache-maven-3.3.9;C:\Program Files\Java\jdk1.7.0_51\bin;C:\Go\bin;C:\Program Files (x86)\Skype\Phone\;C:\Program Files (x86)\ZKTeco\ZKAccess\mysql\bin;;C:\WINDOWS;C:\WINDOWS\system32;C:\WINDOWS\System32\Wbem;;C:\Program Files (x86)\ZKTeco\ZKAccess\Python26;C:\Program Files (x86)\ZKTeco\ZKAccess\Python26\Scripts;C:\Users\Sir Ignacio\AppData\Local\atom\bin;C:\Users\Sir Ignacio\AppData\Local\Microsoft\WindowsApps;C:\Users\Sir Ignacio\AppData\Roaming\Composer\vendor\bin;C:\Users\Sir Ignacio\AppData\Roaming\npm;C:\Program Files\Docker Toolbox;C:\WINDOWS\system32;
USERNAME=Sir Ignacio
OS=Windows_NT
PROCESSOR_IDENTIFIER=AMD64 Family 21 Model 96 Stepping 1, AuthenticAMD



---------------  S Y S T E M  ---------------

OS: Windows 10.0 , 64 bit Build 14393 (10.0.14393.1198)

CPU:total 4 (4 cores per cpu, 1 threads per core) family 21 model 96 stepping 1, cmov, cx8, fxsr, mmx, sse, sse2, sse3, ssse3, sse4.1, sse4.2, popcnt, avx, avx2, aes, clmul, mmxext, 3dnowpref, lzcnt, sse4a, tsc, tscinvbit, tscinv, bmi1

Memory: 4k page, physical 7815204k(1903964k free), swap 7815204k(4392k free)

vm_info: Java HotSpot(TM) 64-Bit Server VM (25.121-b13) for windows-amd64 JRE (1.8.0_121-b13), built on Dec 12 2016 18:21:36 by "java_re" with MS VC++ 10.0 (VS2010)

time: Wed Jul 12 11:35:00 2017
elapsed time: 8 seconds (0d 0h 0m 8s)

