#
# There is insufficient memory for the Java Runtime Environment to continue.
# Native memory allocation (malloc) failed to allocate 1229456 bytes for Chunk::new
# Possible reasons:
#   The system is out of physical RAM or swap space
#   In 32 bit mode, the process size limit was hit
# Possible solutions:
#   Reduce memory load on the system
#   Increase physical memory or swap space
#   Check if swap backing store is full
#   Use 64 bit Java on a 64 bit OS
#   Decrease Java heap size (-Xmx/-Xms)
#   Decrease number of Java threads
#   Decrease Java thread stack sizes (-Xss)
#   Set larger code cache with -XX:ReservedCodeCacheSize=
# This output file may be truncated or incomplete.
#
#  Out of Memory Error (allocation.cpp:390), pid=9960, tid=0x00000000000023f4
#
# JRE version: Java(TM) SE Runtime Environment (8.0_121-b13) (build 1.8.0_121-b13)
# Java VM: Java HotSpot(TM) 64-Bit Server VM (25.121-b13 mixed mode windows-amd64 compressed oops)
# Failed to write core dump. Minidumps are not enabled by default on client versions of Windows
#

---------------  T H R E A D  ---------------

Current thread (0x0000000016f45000):  JavaThread "C2 CompilerThread0" daemon [_thread_in_native, id=9204, stack(0x00000000185c0000,0x00000000186c0000)]

Stack: [0x00000000185c0000,0x00000000186c0000]
[error occurred during error reporting (printing stack bounds), id 0xc0000005]

Native frames: (J=compiled Java code, j=interpreted, Vv=VM code, C=native code)


Current CompileTask:
C2:  10123 3162       4       org.springframework.core.ResolvableType::as (81 bytes)


---------------  P R O C E S S  ---------------

Java Threads: ( => current thread )
  0x00000000189a9000 JavaThread "container-0" [_thread_blocked, id=15984, stack(0x000000001f840000,0x000000001f940000)]
  0x000000001bec4000 JavaThread "ContainerBackgroundProcessor[StandardEngine[Tomcat]]" daemon [_thread_blocked, id=972, stack(0x000000001f740000,0x000000001f840000)]
  0x000000001c9b2800 JavaThread "localhost-startStop-1" daemon [_thread_blocked, id=3804, stack(0x000000001f640000,0x000000001f740000)]
  0x000000001c9b1800 JavaThread "Tomcat-startStop-1" daemon [_thread_blocked, id=15340, stack(0x000000001e320000,0x000000001e420000)]
  0x0000000019516000 JavaThread "JMX server connection timeout 17" daemon [_thread_blocked, id=8340, stack(0x0000000019f60000,0x000000001a060000)]
  0x0000000019510800 JavaThread "RMI TCP Accept-0" daemon [_thread_in_native, id=15444, stack(0x0000000019e60000,0x0000000019f60000)]
  0x000000001950d000 JavaThread "RMI TCP Connection(2)-127.0.0.1" daemon [_thread_in_native, id=5256, stack(0x0000000019d60000,0x0000000019e60000)]
  0x000000001951b000 JavaThread "RMI Scheduler(0)" daemon [_thread_blocked, id=4576, stack(0x0000000019c60000,0x0000000019d60000)]
  0x0000000019521000 JavaThread "RMI TCP Connection(1)-127.0.0.1" daemon [_thread_in_native, id=2080, stack(0x0000000019b60000,0x0000000019c60000)]
  0x00000000194fe800 JavaThread "RMI TCP Accept-49931" daemon [_thread_in_native, id=2132, stack(0x0000000019a60000,0x0000000019b60000)]
  0x0000000019419800 JavaThread "RMI TCP Accept-0" daemon [_thread_in_native, id=12024, stack(0x0000000019960000,0x0000000019a60000)]
  0x00000000188fa800 JavaThread "Service Thread" daemon [_thread_blocked, id=8576, stack(0x0000000018cc0000,0x0000000018dc0000)]
  0x0000000016f54800 JavaThread "C1 CompilerThread2" daemon [_thread_blocked, id=12856, stack(0x00000000187c0000,0x00000000188c0000)]
  0x0000000016f47000 JavaThread "C2 CompilerThread1" daemon [_thread_in_native, id=16476, stack(0x00000000186c0000,0x00000000187c0000)]
=>0x0000000016f45000 JavaThread "C2 CompilerThread0" daemon [_thread_in_native, id=9204, stack(0x00000000185c0000,0x00000000186c0000)]
  0x0000000016f44000 JavaThread "Attach Listener" daemon [_thread_blocked, id=16636, stack(0x00000000184c0000,0x00000000185c0000)]
  0x0000000016f43800 JavaThread "Signal Dispatcher" daemon [_thread_blocked, id=13048, stack(0x00000000183c0000,0x00000000184c0000)]
  0x0000000016f2f800 JavaThread "Finalizer" daemon [_thread_blocked, id=11484, stack(0x00000000181b0000,0x00000000182b0000)]
  0x0000000016f09000 JavaThread "Reference Handler" daemon [_thread_blocked, id=400, stack(0x00000000180b0000,0x00000000181b0000)]
  0x0000000002735000 JavaThread "main" [_thread_in_Java, id=14220, stack(0x00000000025b0000,0x00000000026b0000)]

Other Threads:
  0x0000000016f07800 VMThread [stack: 0x0000000017fb0000,0x00000000180b0000] [id=8776]
  0x000000001952e800 WatcherThread [stack: 0x000000001a060000,0x000000001a160000] [id=10420]

VM state:not at safepoint (normal execution)

VM Mutex/Monitor currently owned by a thread: None

Heap:
 PSYoungGen      total 100352K, used 74281K [0x00000000d8380000, 0x00000000df480000, 0x0000000100000000)
  eden space 91648K, 71% used [0x00000000d8380000,0x00000000dc38fcc0,0x00000000ddd00000)
  from space 8704K, 99% used [0x00000000de800000,0x00000000df07a840,0x00000000df080000)
  to   space 11264K, 0% used [0x00000000ddd00000,0x00000000ddd00000,0x00000000de800000)
 ParOldGen       total 54784K, used 10309K [0x0000000088a00000, 0x000000008bf80000, 0x00000000d8380000)
  object space 54784K, 18% used [0x0000000088a00000,0x0000000089411418,0x000000008bf80000)
 Metaspace       used 30001K, capacity 30490K, committed 30848K, reserved 1077248K
  class space    used 3770K, capacity 3880K, committed 3968K, reserved 1048576K

Card table byte_map: [0x0000000011bf0000,0x0000000011fb0000] byte_map_base: 0x00000000117ab000

Marking Bits: (ParMarkBitMap*) 0x00000000713ab6d0
 Begin Bits: [0x0000000012630000, 0x0000000014408000)
 End Bits:   [0x0000000014408000, 0x00000000161e0000)

Polling page: 0x0000000000940000

CodeCache: size=245760Kb used=11104Kb max_used=11445Kb free=234655Kb
 bounds [0x0000000002830000, 0x0000000003370000, 0x0000000011830000]
 total_blobs=3369 nmethods=2967 adapters=314
 compilation: enabled

Compilation events (10 events):
Event: 10.108 Thread 0x0000000016f54800 3330       3       java.lang.StringBuilder::append (9 bytes)
Event: 10.109 Thread 0x0000000016f54800 nmethod 3330 0x0000000002b92310 code [0x0000000002b924a0, 0x0000000002b92898]
Event: 10.109 Thread 0x0000000016f54800 3331       3       java.lang.AbstractStringBuilder::append (50 bytes)
Event: 10.110 Thread 0x0000000016f54800 nmethod 3331 0x0000000002c36a10 code [0x0000000002c36be0, 0x0000000002c37338]
Event: 10.111 Thread 0x0000000016f54800 3332       1       java.lang.Enum::toString (5 bytes)
Event: 10.111 Thread 0x0000000016f54800 nmethod 3332 0x00000000029aa710 code [0x00000000029aa860, 0x00000000029aa970]
Event: 10.112 Thread 0x0000000016f54800 3333       3       java.util.Collections$UnmodifiableMap::isEmpty (10 bytes)
Event: 10.113 Thread 0x0000000016f54800 nmethod 3333 0x0000000002c365d0 code [0x0000000002c36740, 0x0000000002c36968]
Event: 10.114 Thread 0x0000000016f54800 3334       3       org.hibernate.validator.internal.metadata.aggregated.rule.MethodConfigurationRule::isDefinedOnParallelType (41 bytes)
Event: 10.114 Thread 0x0000000016f54800 nmethod 3334 0x0000000002c4a490 code [0x0000000002c4a620, 0x0000000002c4ab38]

GC Heap History (10 events):
Event: 3.963 GC heap before
{Heap before GC invocations=3 (full 0):
 PSYoungGen      total 35840K, used 35839K [0x00000000d8380000, 0x00000000dc980000, 0x0000000100000000)
  eden space 30720K, 100% used [0x00000000d8380000,0x00000000da180000,0x00000000da180000)
  from space 5120K, 99% used [0x00000000da680000,0x00000000dab7fe20,0x00000000dab80000)
  to   space 5120K, 0% used [0x00000000da180000,0x00000000da180000,0x00000000da680000)
 ParOldGen       total 81920K, used 1569K [0x0000000088a00000, 0x000000008da00000, 0x00000000d8380000)
  object space 81920K, 1% used [0x0000000088a00000,0x0000000088b88748,0x000000008da00000)
 Metaspace       used 18923K, capacity 19250K, committed 19328K, reserved 1067008K
  class space    used 2344K, capacity 2425K, committed 2432K, reserved 1048576K
Event: 3.981 GC heap after
Heap after GC invocations=3 (full 0):
 PSYoungGen      total 35840K, used 5105K [0x00000000d8380000, 0x00000000dc980000, 0x0000000100000000)
  eden space 30720K, 0% used [0x00000000d8380000,0x00000000d8380000,0x00000000da180000)
  from space 5120K, 99% used [0x00000000da180000,0x00000000da67c588,0x00000000da680000)
  to   space 5120K, 0% used [0x00000000dc480000,0x00000000dc480000,0x00000000dc980000)
 ParOldGen       total 81920K, used 3699K [0x0000000088a00000, 0x000000008da00000, 0x00000000d8380000)
  object space 81920K, 4% used [0x0000000088a00000,0x0000000088d9cd38,0x000000008da00000)
 Metaspace       used 18923K, capacity 19250K, committed 19328K, reserved 1067008K
  class space    used 2344K, capacity 2425K, committed 2432K, reserved 1048576K
}
Event: 4.714 GC heap before
{Heap before GC invocations=4 (full 0):
 PSYoungGen      total 35840K, used 32745K [0x00000000d8380000, 0x00000000dc980000, 0x0000000100000000)
  eden space 30720K, 89% used [0x00000000d8380000,0x00000000d9e7dff8,0x00000000da180000)
  from space 5120K, 99% used [0x00000000da180000,0x00000000da67c588,0x00000000da680000)
  to   space 5120K, 0% used [0x00000000dc480000,0x00000000dc480000,0x00000000dc980000)
 ParOldGen       total 81920K, used 3699K [0x0000000088a00000, 0x000000008da00000, 0x00000000d8380000)
  object space 81920K, 4% used [0x0000000088a00000,0x0000000088d9cd38,0x000000008da00000)
 Metaspace       used 20893K, capacity 21208K, committed 21296K, reserved 1069056K
  class space    used 2568K, capacity 2669K, committed 2688K, reserved 1048576K
Event: 4.734 GC heap after
Heap after GC invocations=4 (full 0):
 PSYoungGen      total 66560K, used 5090K [0x00000000d8380000, 0x00000000dc980000, 0x0000000100000000)
  eden space 61440K, 0% used [0x00000000d8380000,0x00000000d8380000,0x00000000dbf80000)
  from space 5120K, 99% used [0x00000000dc480000,0x00000000dc978b40,0x00000000dc980000)
  to   space 5120K, 0% used [0x00000000dbf80000,0x00000000dbf80000,0x00000000dc480000)
 ParOldGen       total 81920K, used 5822K [0x0000000088a00000, 0x000000008da00000, 0x00000000d8380000)
  object space 81920K, 7% used [0x0000000088a00000,0x0000000088faf938,0x000000008da00000)
 Metaspace       used 20893K, capacity 21208K, committed 21296K, reserved 1069056K
  class space    used 2568K, capacity 2669K, committed 2688K, reserved 1048576K
}
Event: 4.734 GC heap before
{Heap before GC invocations=5 (full 1):
 PSYoungGen      total 66560K, used 5090K [0x00000000d8380000, 0x00000000dc980000, 0x0000000100000000)
  eden space 61440K, 0% used [0x00000000d8380000,0x00000000d8380000,0x00000000dbf80000)
  from space 5120K, 99% used [0x00000000dc480000,0x00000000dc978b40,0x00000000dc980000)
  to   space 5120K, 0% used [0x00000000dbf80000,0x00000000dbf80000,0x00000000dc480000)
 ParOldGen       total 81920K, used 5822K [0x0000000088a00000, 0x000000008da00000, 0x00000000d8380000)
  object space 81920K, 7% used [0x0000000088a00000,0x0000000088faf938,0x000000008da00000)
 Metaspace       used 20893K, capacity 21208K, committed 21296K, reserved 1069056K
  class space    used 2568K, capacity 2669K, committed 2688K, reserved 1048576K
Event: 4.798 GC heap after
Heap after GC invocations=5 (full 1):
 PSYoungGen      total 66560K, used 0K [0x00000000d8380000, 0x00000000dc980000, 0x0000000100000000)
  eden space 61440K, 0% used [0x00000000d8380000,0x00000000d8380000,0x00000000dbf80000)
  from space 5120K, 0% used [0x00000000dc480000,0x00000000dc480000,0x00000000dc980000)
  to   space 5120K, 0% used [0x00000000dbf80000,0x00000000dbf80000,0x00000000dc480000)
 ParOldGen       total 54784K, used 7075K [0x0000000088a00000, 0x000000008bf80000, 0x00000000d8380000)
  object space 54784K, 12% used [0x0000000088a00000,0x00000000890e8e68,0x000000008bf80000)
 Metaspace       used 20893K, capacity 21208K, committed 21296K, reserved 1069056K
  class space    used 2568K, capacity 2669K, committed 2688K, reserved 1048576K
}
Event: 6.480 GC heap before
{Heap before GC invocations=6 (full 1):
 PSYoungGen      total 66560K, used 61440K [0x00000000d8380000, 0x00000000dc980000, 0x0000000100000000)
  eden space 61440K, 100% used [0x00000000d8380000,0x00000000dbf80000,0x00000000dbf80000)
  from space 5120K, 0% used [0x00000000dc480000,0x00000000dc480000,0x00000000dc980000)
  to   space 5120K, 0% used [0x00000000dbf80000,0x00000000dbf80000,0x00000000dc480000)
 ParOldGen       total 54784K, used 7075K [0x0000000088a00000, 0x000000008bf80000, 0x00000000d8380000)
  object space 54784K, 12% used [0x0000000088a00000,0x00000000890e8e68,0x000000008bf80000)
 Metaspace       used 24107K, capacity 24494K, committed 24704K, reserved 1071104K
  class space    used 2994K, capacity 3094K, committed 3200K, reserved 1048576K
Event: 6.490 GC heap after
Heap after GC invocations=6 (full 1):
 PSYoungGen      total 66560K, used 5092K [0x00000000d8380000, 0x00000000df080000, 0x0000000100000000)
  eden space 61440K, 0% used [0x00000000d8380000,0x00000000d8380000,0x00000000dbf80000)
  from space 5120K, 99% used [0x00000000dbf80000,0x00000000dc479330,0x00000000dc480000)
  to   space 8704K, 0% used [0x00000000de800000,0x00000000de800000,0x00000000df080000)
 ParOldGen       total 54784K, used 7329K [0x0000000088a00000, 0x000000008bf80000, 0x00000000d8380000)
  object space 54784K, 13% used [0x0000000088a00000,0x0000000089128478,0x000000008bf80000)
 Metaspace       used 24107K, capacity 24494K, committed 24704K, reserved 1071104K
  class space    used 2994K, capacity 3094K, committed 3200K, reserved 1048576K
}
Event: 8.284 GC heap before
{Heap before GC invocations=7 (full 1):
 PSYoungGen      total 66560K, used 66532K [0x00000000d8380000, 0x00000000df080000, 0x0000000100000000)
  eden space 61440K, 100% used [0x00000000d8380000,0x00000000dbf80000,0x00000000dbf80000)
  from space 5120K, 99% used [0x00000000dbf80000,0x00000000dc479330,0x00000000dc480000)
  to   space 8704K, 0% used [0x00000000de800000,0x00000000de800000,0x00000000df080000)
 ParOldGen       total 54784K, used 7329K [0x0000000088a00000, 0x000000008bf80000, 0x00000000d8380000)
  object space 54784K, 13% used [0x0000000088a00000,0x0000000089128478,0x000000008bf80000)
 Metaspace       used 28398K, capacity 28822K, committed 29056K, reserved 1075200K
  class space    used 3567K, capacity 3650K, committed 3712K, reserved 1048576K
Event: 8.307 GC heap after
Heap after GC invocations=7 (full 1):
 PSYoungGen      total 100352K, used 8682K [0x00000000d8380000, 0x00000000df480000, 0x0000000100000000)
  eden space 91648K, 0% used [0x00000000d8380000,0x00000000d8380000,0x00000000ddd00000)
  from space 8704K, 99% used [0x00000000de800000,0x00000000df07a840,0x00000000df080000)
  to   space 11264K, 0% used [0x00000000ddd00000,0x00000000ddd00000,0x00000000de800000)
 ParOldGen       total 54784K, used 10309K [0x0000000088a00000, 0x000000008bf80000, 0x00000000d8380000)
  object space 54784K, 18% used [0x0000000088a00000,0x0000000089411418,0x000000008bf80000)
 Metaspace       used 28398K, capacity 28822K, committed 29056K, reserved 1075200K
  class space    used 3567K, capacity 3650K, committed 3712K, reserved 1048576K
}

Deoptimization events (10 events):
Event: 9.216 Thread 0x000000001c9b2800 Uncommon trap: reason=unstable_if action=reinterpret pc=0x000000000332bfe4 method=java.util.Properties$LineReader.readLine()I @ 180
Event: 9.246 Thread 0x000000001c9b2800 Uncommon trap: reason=unstable_if action=reinterpret pc=0x0000000002f46f34 method=org.springframework.util.ConcurrentReferenceHashMap$Segment.findInChain(Lorg/springframework/util/ConcurrentReferenceHashMap$Reference;Ljava/lang/Object;I)Lorg/springframewo
Event: 9.246 Thread 0x000000001c9b2800 Uncommon trap: reason=unstable_if action=reinterpret pc=0x0000000002f32c4c method=org.springframework.util.ConcurrentReferenceHashMap$Segment.findInChain(Lorg/springframework/util/ConcurrentReferenceHashMap$Reference;Ljava/lang/Object;I)Lorg/springframewo
Event: 10.006 Thread 0x0000000002735000 Uncommon trap: reason=class_check action=maybe_recompile pc=0x0000000002fba04c method=org.hibernate.validator.internal.util.ExecutableHelper.overrides(Lorg/hibernate/validator/internal/metadata/raw/ExecutableElement;Lorg/hibernate/validator/internal/metad
Event: 10.006 Thread 0x0000000002735000 Uncommon trap: reason=class_check action=maybe_recompile pc=0x0000000002fba04c method=org.hibernate.validator.internal.util.ExecutableHelper.overrides(Lorg/hibernate/validator/internal/metadata/raw/ExecutableElement;Lorg/hibernate/validator/internal/metad
Event: 10.007 Thread 0x0000000002735000 Uncommon trap: reason=class_check action=maybe_recompile pc=0x0000000002fba04c method=org.hibernate.validator.internal.util.ExecutableHelper.overrides(Lorg/hibernate/validator/internal/metadata/raw/ExecutableElement;Lorg/hibernate/validator/internal/metad
Event: 10.007 Thread 0x0000000002735000 Uncommon trap: reason=class_check action=maybe_recompile pc=0x0000000002fba04c method=org.hibernate.validator.internal.util.ExecutableHelper.overrides(Lorg/hibernate/validator/internal/metadata/raw/ExecutableElement;Lorg/hibernate/validator/internal/metad
Event: 10.092 Thread 0x0000000002735000 Uncommon trap: reason=unstable_if action=reinterpret pc=0x00000000029fe220 method=java.lang.String.valueOf(Ljava/lang/Object;)Ljava/lang/String; @ 1
Event: 10.101 Thread 0x0000000002735000 Uncommon trap: reason=unstable_if action=reinterpret pc=0x0000000002a3e09c method=java.lang.AbstractStringBuilder.append(Ljava/lang/String;)Ljava/lang/AbstractStringBuilder; @ 1
Event: 10.102 Thread 0x0000000002735000 Uncommon trap: reason=unstable_if action=reinterpret pc=0x0000000002a1f728 method=java.lang.AbstractStringBuilder.append(Ljava/lang/String;)Ljava/lang/AbstractStringBuilder; @ 1

Internal exceptions (10 events):
Event: 9.627 Thread 0x0000000002735000 Exception <a 'java/lang/ClassNotFoundException': org/apache/tomcat/jdbc/pool/DataSourceProxyCustomizer> (0x00000000db71b3f8) thrown at [C:\re\workspace\8-2-build-windows-amd64-cygwin\jdk8u121\8372\hotspot\src\share\vm\classfile\systemDictionary.cpp, line 
Event: 9.632 Thread 0x0000000002735000 Exception <a 'java/lang/ClassNotFoundException': org/apache/tomcat/jdbc/pool/DataSourceCustomizer> (0x00000000db7c54d8) thrown at [C:\re\workspace\8-2-build-windows-amd64-cygwin\jdk8u121\8372\hotspot\src\share\vm\classfile\systemDictionary.cpp, line 210]
Event: 9.635 Thread 0x0000000002735000 Exception <a 'java/lang/ClassNotFoundException': javax/sql/DataSourceCustomizer> (0x00000000db87e298) thrown at [C:\re\workspace\8-2-build-windows-amd64-cygwin\jdk8u121\8372\hotspot\src\share\vm\classfile\systemDictionary.cpp, line 210]
Event: 9.637 Thread 0x0000000002735000 Exception <a 'java/lang/ClassNotFoundException': javax/management/MBeanRegistrationCustomizer> (0x00000000db8883e8) thrown at [C:\re\workspace\8-2-build-windows-amd64-cygwin\jdk8u121\8372\hotspot\src\share\vm\classfile\systemDictionary.cpp, line 210]
Event: 9.638 Thread 0x0000000002735000 Exception <a 'java/lang/ClassNotFoundException': org/apache/tomcat/jdbc/pool/jmx/ConnectionPoolMBeanCustomizer> (0x00000000db89da40) thrown at [C:\re\workspace\8-2-build-windows-amd64-cygwin\jdk8u121\8372\hotspot\src\share\vm\classfile\systemDictionary.cp
Event: 9.641 Thread 0x0000000002735000 Exception <a 'java/lang/ClassNotFoundException': javax/sql/ConnectionPoolDataSourceCustomizer> (0x00000000db8b6ce0) thrown at [C:\re\workspace\8-2-build-windows-amd64-cygwin\jdk8u121\8372\hotspot\src\share\vm\classfile\systemDictionary.cpp, line 210]
Event: 9.643 Thread 0x0000000002735000 Exception <a 'java/lang/ClassNotFoundException': org/apache/tomcat/jdbc/pool/PoolConfigurationCustomizer> (0x00000000db8cac68) thrown at [C:\re\workspace\8-2-build-windows-amd64-cygwin\jdk8u121\8372\hotspot\src\share\vm\classfile\systemDictionary.cpp, lin
Event: 9.663 Thread 0x0000000002735000 Exception <a 'java/lang/reflect/InvocationTargetException'> (0x00000000db95c778) thrown at [C:\re\workspace\8-2-build-windows-amd64-cygwin\jdk8u121\8372\hotspot\src\share\vm\runtime\reflection.cpp, line 1092]
Event: 10.101 Thread 0x0000000002735000 Implicit null exception at 0x0000000002a3dd16 to 0x0000000002a3e085
Event: 10.102 Thread 0x0000000002735000 Implicit null exception at 0x0000000002a1f396 to 0x0000000002a1f711

Events (10 events):
Event: 10.101 Thread 0x0000000002735000 DEOPT UNPACKING pc=0x000000000287582a sp=0x00000000026acfe0 mode 2
Event: 10.102 Thread 0x0000000002735000 Uncommon trap: trap_request=0xffffff65 fr.pc=0x0000000002a1f728
Event: 10.102 Thread 0x0000000002735000 DEOPT PACKING pc=0x0000000002a1f728 sp=0x00000000026ad010
Event: 10.102 Thread 0x0000000002735000 DEOPT UNPACKING pc=0x000000000287582a sp=0x00000000026acff0 mode 2
Event: 10.102 loading class org/hibernate/validator/internal/metadata/aggregated/ParameterMetaData$Builder
Event: 10.102 loading class org/hibernate/validator/internal/metadata/aggregated/ParameterMetaData$Builder done
Event: 10.103 loading class org/hibernate/validator/internal/metadata/aggregated/ParameterMetaData
Event: 10.104 loading class org/hibernate/validator/internal/metadata/aggregated/ParameterMetaData done
Event: 10.105 loading class javax/validation/metadata/ParameterDescriptor
Event: 10.105 loading class javax/validation/metadata/ParameterDescriptor done


Dynamic libraries:
0x00007ff72ad90000 - 0x00007ff72adc7000 	C:\Program Files\Java\jre1.8.0_121\bin\javaw.exe
0x00007ffa9ed40000 - 0x00007ffa9ef11000 	C:\WINDOWS\SYSTEM32\ntdll.dll
0x00007ffa9c500000 - 0x00007ffa9c5ac000 	C:\WINDOWS\System32\KERNEL32.DLL
0x00007ffa9ba10000 - 0x00007ffa9bc2d000 	C:\WINDOWS\System32\KERNELBASE.dll
0x00007ffa9ec20000 - 0x00007ffa9ecc2000 	C:\WINDOWS\System32\ADVAPI32.dll
0x00007ffa9c610000 - 0x00007ffa9c6ae000 	C:\WINDOWS\System32\msvcrt.dll
0x00007ffa9ece0000 - 0x00007ffa9ed39000 	C:\WINDOWS\System32\sechost.dll
0x00007ffa9e880000 - 0x00007ffa9e9a1000 	C:\WINDOWS\System32\RPCRT4.dll
0x00007ffa9e670000 - 0x00007ffa9e7d5000 	C:\WINDOWS\System32\USER32.dll
0x00007ffa9bd90000 - 0x00007ffa9bdae000 	C:\WINDOWS\System32\win32u.dll
0x00007ffa9e840000 - 0x00007ffa9e874000 	C:\WINDOWS\System32\GDI32.dll
0x00007ffa9bf80000 - 0x00007ffa9c102000 	C:\WINDOWS\System32\gdi32full.dll
0x00007ffa925f0000 - 0x00007ffa9286a000 	C:\WINDOWS\WinSxS\amd64_microsoft.windows.common-controls_6595b64144ccf1df_6.0.14393.953_none_42151e83c686086b\COMCTL32.dll
0x00007ffa9dff0000 - 0x00007ffa9e2b8000 	C:\WINDOWS\System32\combase.dll
0x00007ffa9b910000 - 0x00007ffa9ba05000 	C:\WINDOWS\System32\ucrtbase.dll
0x00007ffa9c1c0000 - 0x00007ffa9c22a000 	C:\WINDOWS\System32\bcryptPrimitives.dll
0x00007ffa9e640000 - 0x00007ffa9e66e000 	C:\WINDOWS\System32\IMM32.DLL
0x0000000072730000 - 0x0000000072802000 	C:\Program Files\Java\jre1.8.0_121\bin\msvcr100.dll
0x0000000070b90000 - 0x000000007142b000 	C:\Program Files\Java\jre1.8.0_121\bin\server\jvm.dll
0x00007ffa9ecd0000 - 0x00007ffa9ecd8000 	C:\WINDOWS\System32\PSAPI.DLL
0x00007ffa8d560000 - 0x00007ffa8d569000 	C:\WINDOWS\SYSTEM32\WSOCK32.dll
0x00007ffa96580000 - 0x00007ffa9658a000 	C:\WINDOWS\SYSTEM32\VERSION.dll
0x00007ffa99340000 - 0x00007ffa99363000 	C:\WINDOWS\SYSTEM32\WINMM.dll
0x00007ffa9c2d0000 - 0x00007ffa9c33a000 	C:\WINDOWS\System32\WS2_32.dll
0x00007ffa98ed0000 - 0x00007ffa98efb000 	C:\WINDOWS\SYSTEM32\WINMMBASE.dll
0x00007ffa9bc30000 - 0x00007ffa9bc72000 	C:\WINDOWS\System32\cfgmgr32.dll
0x0000000072ea0000 - 0x0000000072eaf000 	C:\Program Files\Java\jre1.8.0_121\bin\verify.dll
0x0000000072e70000 - 0x0000000072e99000 	C:\Program Files\Java\jre1.8.0_121\bin\java.dll
0x0000000072e50000 - 0x0000000072e66000 	C:\Program Files\Java\jre1.8.0_121\bin\zip.dll
0x00007ffa9c6b0000 - 0x00007ffa9dbb8000 	C:\WINDOWS\System32\SHELL32.dll
0x00007ffa9b230000 - 0x00007ffa9b90a000 	C:\WINDOWS\System32\windows.storage.dll
0x00007ffa9b1d0000 - 0x00007ffa9b21c000 	C:\WINDOWS\System32\powrprof.dll
0x00007ffa9c5b0000 - 0x00007ffa9c602000 	C:\WINDOWS\System32\shlwapi.dll
0x00007ffa9b220000 - 0x00007ffa9b22f000 	C:\WINDOWS\System32\kernel.appcore.dll
0x00007ffa9c110000 - 0x00007ffa9c1b9000 	C:\WINDOWS\System32\shcore.dll
0x00007ffa9b1b0000 - 0x00007ffa9b1c4000 	C:\WINDOWS\System32\profapi.dll
0x0000000072a50000 - 0x0000000072a5d000 	C:\Program Files\Java\jre1.8.0_121\bin\management.dll
0x0000000072e30000 - 0x0000000072e4a000 	C:\Program Files\Java\jre1.8.0_121\bin\net.dll
0x00007ffa9aa70000 - 0x00007ffa9aacc000 	C:\WINDOWS\system32\mswsock.dll
0x0000000072e10000 - 0x0000000072e21000 	C:\Program Files\Java\jre1.8.0_121\bin\nio.dll
0x00007ffa8b0a0000 - 0x00007ffa8b0b6000 	C:\WINDOWS\system32\napinsp.dll
0x00007ffa8ada0000 - 0x00007ffa8adba000 	C:\WINDOWS\system32\pnrpnsp.dll
0x00007ffa992a0000 - 0x00007ffa992b8000 	C:\WINDOWS\system32\NLAapi.dll
0x00007ffa9a830000 - 0x00007ffa9a8d1000 	C:\WINDOWS\SYSTEM32\DNSAPI.dll
0x00007ffa9e610000 - 0x00007ffa9e618000 	C:\WINDOWS\System32\NSI.dll
0x00007ffa9a7f0000 - 0x00007ffa9a828000 	C:\WINDOWS\SYSTEM32\IPHLPAPI.DLL
0x00007ffa8a600000 - 0x00007ffa8a60e000 	C:\WINDOWS\System32\winrnr.dll
0x0000000076070000 - 0x0000000076096000 	C:\Program Files\Bonjour\mdnsNSP.dll
0x00007ffa8b080000 - 0x00007ffa8b095000 	C:\WINDOWS\System32\wshbth.dll
0x00007ffa95920000 - 0x00007ffa9592a000 	C:\Windows\System32\rasadhlp.dll
0x00007ffa93810000 - 0x00007ffa9387a000 	C:\WINDOWS\System32\fwpuclnt.dll
0x00007ffa9b0e0000 - 0x00007ffa9b10b000 	C:\WINDOWS\SYSTEM32\bcrypt.dll
0x00007ffa9ac10000 - 0x00007ffa9ac27000 	C:\WINDOWS\SYSTEM32\CRYPTSP.dll
0x00007ffa9a670000 - 0x00007ffa9a6a3000 	C:\WINDOWS\system32\rsaenh.dll
0x00007ffa9a8f0000 - 0x00007ffa9a90f000 	C:\WINDOWS\SYSTEM32\USERENV.dll
0x00007ffa9ac30000 - 0x00007ffa9ac3b000 	C:\WINDOWS\SYSTEM32\CRYPTBASE.dll
0x00007ffa965b0000 - 0x00007ffa965c6000 	C:\WINDOWS\SYSTEM32\dhcpcsvc6.DLL
0x00007ffa96590000 - 0x00007ffa965aa000 	C:\WINDOWS\SYSTEM32\dhcpcsvc.DLL

VM Arguments:
jvm_args: -Dcom.sun.management.jmxremote -Dcom.sun.management.jmxremote.port=49931 -Dcom.sun.management.jmxremote.authenticate=false -Dcom.sun.management.jmxremote.ssl=false -Djava.rmi.server.hostname=localhost -Dspring.liveBeansView.mbeanDomain -Dspring.application.admin.enabled=true -Dfile.encoding=UTF-8 
java_command: com.example.QuartsTasksMetro.QuartsTasksMetroApplication
java_class_path (initial): C:\Users\Sir Ignacio\Desktop\Sice2017\QuartsTasksMetro\target\classes;C:\Users\Sir Ignacio\.m2\repository\org\springframework\boot\spring-boot-starter-activemq\1.5.4.RELEASE\spring-boot-starter-activemq-1.5.4.RELEASE.jar;C:\Users\Sir Ignacio\.m2\repository\org\springframework\boot\spring-boot-starter\1.5.4.RELEASE\spring-boot-starter-1.5.4.RELEASE.jar;C:\Users\Sir Ignacio\.m2\repository\org\springframework\boot\spring-boot\1.5.4.RELEASE\spring-boot-1.5.4.RELEASE.jar;C:\Users\Sir Ignacio\.m2\repository\org\springframework\boot\spring-boot-autoconfigure\1.5.4.RELEASE\spring-boot-autoconfigure-1.5.4.RELEASE.jar;C:\Users\Sir Ignacio\.m2\repository\org\springframework\boot\spring-boot-starter-logging\1.5.4.RELEASE\spring-boot-starter-logging-1.5.4.RELEASE.jar;C:\Users\Sir Ignacio\.m2\repository\ch\qos\logback\logback-classic\1.1.11\logback-classic-1.1.11.jar;C:\Users\Sir Ignacio\.m2\repository\ch\qos\logback\logback-core\1.1.11\logback-core-1.1.11.jar;C:\Users\Sir Ignacio\.m2\repository\org\slf4j\jul-to-slf4j\1.7.25\jul-to-slf4j-1.7.25.jar;C:\Users\Sir Ignacio\.m2\repository\org\slf4j\log4j-over-slf4j\1.7.25\log4j-over-slf4j-1.7.25.jar;C:\Users\Sir Ignacio\.m2\repository\org\yaml\snakeyaml\1.17\snakeyaml-1.17.jar;C:\Users\Sir Ignacio\.m2\repository\org\springframework\spring-jms\4.3.9.RELEASE\spring-jms-4.3.9.RELEASE.jar;C:\Users\Sir Ignacio\.m2\repository\org\springframework\spring-aop\4.3.9.RELEASE\spring-aop-4.3.9.RELEASE.jar;C:\Users\Sir Ignacio\.m2\repository\org\springframework\spring-beans\4.3.9.RELEASE\spring-beans-4.3.9.RELEASE.jar;C:\Users\Sir Ignacio\.m2\repository\org\springframework\spring-context\4.3.9.RELEASE\spring-context-4.3.9.RELEASE.jar;C:\Users\Sir Ignacio\.m2\repository\org\springframework\spring-messaging\4.3.9.RELEASE\spring-messaging-4.3.9.RELEASE.jar;C:\Users\Sir Ignacio\.m2\repository\org\springframework\spring-tx\4.3.9.RELEASE\spring-tx-4.3.9.RELEASE.jar;C:\Users\Sir Ignacio\.m2\repository\org\apache\activemq\activ
Launcher Type: SUN_STANDARD

Environment Variables:
JAVA_HOME=C:\Program Files (x86)\Java\jdk1.8.0_111
CLASSPATH=C:\Program Files (x86)\Java\jdk1.8.0_111\jre
PATH=C:/Program Files/Java/jre1.8.0_121/bin/server;C:/Program Files/Java/jre1.8.0_121/bin;C:/Program Files/Java/jre1.8.0_121/lib/amd64;C:\Program Files (x86)\Common Files\Intel\Shared Libraries\redist\intel64\compiler;C:\Program Files (x86)\Common Files\Intel\Shared Libraries\redist\ia32\compiler;C:\oraclexe\app\oracle\product\11.2.0\server\bin;C:\ProgramData\Oracle\Java\javapath;C:\WINDOWS\system32;C:\WINDOWS;C:\WINDOWS\System32\Wbem;C:\WINDOWS\System32\WindowsPowerShell\v1.0\;C:\Program Files\Git\cmd;C:\wamp64\bin\php\php5.6.25;C:\ProgramData\ComposerSetup\bin;C:\Program Files (x86)\Skype\Phone\;C:\Program Files\nodejs\;C:\Program Files\MySQL\MySQL Utilities 1.6\;C:\Program Files (x86)\apache-maven-3.3.9\bin;C:\apache-maven-3.3.9;C:\Program Files\Java\jdk1.7.0_51\bin;C:\Go\bin;C:\Users\Sir Ignacio\AppData\Local\atom\bin;C:\Users\Sir Ignacio\AppData\Local\Microsoft\WindowsApps;C:\Users\Sir Ignacio\AppData\Roaming\Composer\vendor\bin;C:\Users\Sir Ignacio\AppData\Roaming\npm;C:\Program Files\Docker Toolbox;C:\WINDOWS\system32;
USERNAME=Sir Ignacio
OS=Windows_NT
PROCESSOR_IDENTIFIER=AMD64 Family 21 Model 96 Stepping 1, AuthenticAMD



---------------  S Y S T E M  ---------------

OS: Windows 10.0 , 64 bit Build 14393 (10.0.14393.1198)

CPU:total 4 (4 cores per cpu, 1 threads per core) family 21 model 96 stepping 1, cmov, cx8, fxsr, mmx, sse, sse2, sse3, ssse3, sse4.1, sse4.2, popcnt, avx, avx2, aes, clmul, mmxext, 3dnowpref, lzcnt, sse4a, tsc, tscinvbit, tscinv, bmi1

Memory: 4k page, physical 7815204k(1414676k free), swap 7815204k(5784k free)

vm_info: Java HotSpot(TM) 64-Bit Server VM (25.121-b13) for windows-amd64 JRE (1.8.0_121-b13), built on Dec 12 2016 18:21:36 by "java_re" with MS VC++ 10.0 (VS2010)

time: Wed Jun 21 11:39:16 2017
elapsed time: 10 seconds (0d 0h 0m 10s)

